# JRE version: Java(TM) SE Runtime Environment (17.0.12+8) (build 17.0.12+8-LTS-286)
# Java VM: Java HotSpot(TM) 64-Bit Server VM (17.0.12+8-LTS-286, mixed mode, sharing, tiered, compressed oops, compressed class ptrs, g1 gc, windows-amd64)
GC Precious Log:
 CPUs: 12 total, 12 available
 Memory: 5989M
 Large Page Support: Disabled
 NUMA Support: Disabled
 Compressed Oops: Enabled (32-bit)
 Heap Region Size: 1M
 Heap Min Capacity: 8M
 Heap Initial Capacity: 94M
 Heap Max Capacity: 1498M
 Pre-touch: Disabled
 Parallel Workers: 10
 Concurrent Workers: 3
 Concurrent Refinement Workers: 10
 Periodic GC: Disabled
Heap:
 garbage-first heap   total 273408K, used 186845K [0x00000000a2600000, 0x0000000100000000)
  region size 1024K, 102 young (104448K), 5 survivors (5120K)
 Metaspace       used 108390K, committed 109568K, reserved 1179648K
  class space    used 13826K, committed 14464K, reserved 1048576K
GC Heap History (20 events):
Event: 37.862 GC heap before
{Heap before GC invocations=41 (full 0):
 garbage-first heap   total 273408K, used 213526K [0x00000000a2600000, 0x0000000100000000)
  region size 1024K, 127 young (130048K), 4 survivors (4096K)
 Metaspace       used 101345K, committed 102272K, reserved 1179648K
  class space    used 13472K, committed 13952K, reserved 1048576K
}
Event: 37.867 GC heap after
{Heap after GC invocations=42 (full 0):
 garbage-first heap   total 273408K, used 87517K [0x00000000a2600000, 0x0000000100000000)
  region size 1024K, 3 young (3072K), 3 survivors (3072K)
 Metaspace       used 101345K, committed 102272K, reserved 1179648K
  class space    used 13472K, committed 13952K, reserved 1048576K
}
Event: 38.502 GC heap before
{Heap before GC invocations=42 (full 0):
 garbage-first heap   total 273408K, used 221661K [0x00000000a2600000, 0x0000000100000000)
  region size 1024K, 134 young (137216K), 3 survivors (3072K)
 Metaspace       used 101832K, committed 102784K, reserved 1179648K
  class space    used 13499K, committed 13952K, reserved 1048576K
}
Event: 38.509 GC heap after
{Heap after GC invocations=43 (full 0):
 garbage-first heap   total 273408K, used 87733K [0x00000000a2600000, 0x0000000100000000)
  region size 1024K, 4 young (4096K), 4 survivors (4096K)
 Metaspace       used 101832K, committed 102784K, reserved 1179648K
  class space    used 13499K, committed 13952K, reserved 1048576K
}
Event: 557.910 GC heap before
{Heap before GC invocations=43 (full 0):
 garbage-first heap   total 273408K, used 226997K [0x00000000a2600000, 0x0000000100000000)
  region size 1024K, 140 young (143360K), 4 survivors (4096K)
 Metaspace       used 105421K, committed 106624K, reserved 1179648K
  class space    used 13721K, committed 14336K, reserved 1048576K
}
Event: 557.938 GC heap after
{Heap after GC invocations=44 (full 0):
 garbage-first heap   total 273408K, used 88743K [0x00000000a2600000, 0x0000000100000000)
  region size 1024K, 5 young (5120K), 5 survivors (5120K)
 Metaspace       used 105421K, committed 106624K, reserved 1179648K
  class space    used 13721K, committed 14336K, reserved 1048576K
}
Event: 964.970 GC heap before
{Heap before GC invocations=44 (full 0):
 garbage-first heap   total 273408K, used 229031K [0x00000000a2600000, 0x0000000100000000)
  region size 1024K, 142 young (145408K), 5 survivors (5120K)
 Metaspace       used 106008K, committed 107264K, reserved 1179648K
  class space    used 13729K, committed 14400K, reserved 1048576K
}
Event: 965.007 GC heap after
{Heap after GC invocations=45 (full 0):
 garbage-first heap   total 273408K, used 89847K [0x00000000a2600000, 0x0000000100000000)
  region size 1024K, 6 young (6144K), 6 survivors (6144K)
 Metaspace       used 106008K, committed 107264K, reserved 1179648K
  class space    used 13729K, committed 14400K, reserved 1048576K
}
Event: 1064.270 GC heap before
{Heap before GC invocations=45 (full 0):
 garbage-first heap   total 273408K, used 230135K [0x00000000a2600000, 0x0000000100000000)
  region size 1024K, 144 young (147456K), 6 survivors (6144K)
 Metaspace       used 106617K, committed 107776K, reserved 1179648K
  class space    used 13736K, committed 14400K, reserved 1048576K
}
Event: 1064.287 GC heap after
{Heap after GC invocations=46 (full 0):
 garbage-first heap   total 273408K, used 89071K [0x00000000a2600000, 0x0000000100000000)
  region size 1024K, 5 young (5120K), 5 survivors (5120K)
 Metaspace       used 106617K, committed 107776K, reserved 1179648K
  class space    used 13736K, committed 14400K, reserved 1048576K
}
Event: 1068.874 GC heap before
{Heap before GC invocations=46 (full 0):
 garbage-first heap   total 273408K, used 233455K [0x00000000a2600000, 0x0000000100000000)
  region size 1024K, 147 young (150528K), 5 survivors (5120K)
 Metaspace       used 107285K, committed 108480K, reserved 1179648K
  class space    used 13738K, committed 14400K, reserved 1048576K
}
Event: 1068.881 GC heap after
{Heap after GC invocations=47 (full 0):
 garbage-first heap   total 273408K, used 89129K [0x00000000a2600000, 0x0000000100000000)
  region size 1024K, 5 young (5120K), 5 survivors (5120K)
 Metaspace       used 107285K, committed 108480K, reserved 1179648K
  class space    used 13738K, committed 14400K, reserved 1048576K
}
Event: 1121.346 GC heap before
{Heap before GC invocations=47 (full 0):
 garbage-first heap   total 273408K, used 235561K [0x00000000a2600000, 0x0000000100000000)
  region size 1024K, 149 young (152576K), 5 survivors (5120K)
 Metaspace       used 107722K, committed 108928K, reserved 1179648K
  class space    used 13755K, committed 14400K, reserved 1048576K
}
Event: 1121.352 GC heap after
{Heap after GC invocations=48 (full 0):
 garbage-first heap   total 273408K, used 89200K [0x00000000a2600000, 0x0000000100000000)
  region size 1024K, 5 young (5120K), 5 survivors (5120K)
 Metaspace       used 107722K, committed 108928K, reserved 1179648K
  class space    used 13755K, committed 14400K, reserved 1048576K
}
Event: 1332.875 GC heap before
{Heap before GC invocations=48 (full 0):
 garbage-first heap   total 273408K, used 237680K [0x00000000a2600000, 0x0000000100000000)
  region size 1024K, 150 young (153600K), 5 survivors (5120K)
 Metaspace       used 107854K, committed 108992K, reserved 1179648K
  class space    used 13756K, committed 14400K, reserved 1048576K
}
Event: 1332.908 GC heap after
{Heap after GC invocations=49 (full 0):
 garbage-first heap   total 273408K, used 89734K [0x00000000a2600000, 0x0000000100000000)
  region size 1024K, 6 young (6144K), 6 survivors (6144K)
 Metaspace       used 107854K, committed 108992K, reserved 1179648K
  class space    used 13756K, committed 14400K, reserved 1048576K
}
Event: 2293.425 GC heap before
{Heap before GC invocations=49 (full 0):
 garbage-first heap   total 273408K, used 238214K [0x00000000a2600000, 0x0000000100000000)
  region size 1024K, 151 young (154624K), 6 survivors (6144K)
 Metaspace       used 108200K, committed 109376K, reserved 1179648K
  class space    used 13805K, committed 14464K, reserved 1048576K
}
Event: 2293.486 GC heap after
{Heap after GC invocations=50 (full 0):
 garbage-first heap   total 273408K, used 90196K [0x00000000a2600000, 0x0000000100000000)
  region size 1024K, 6 young (6144K), 6 survivors (6144K)
 Metaspace       used 108200K, committed 109376K, reserved 1179648K
  class space    used 13805K, committed 14464K, reserved 1048576K
}
Event: 2298.384 GC heap before
{Heap before GC invocations=50 (full 0):
 garbage-first heap   total 273408K, used 237652K [0x00000000a2600000, 0x0000000100000000)
  region size 1024K, 151 young (154624K), 6 survivors (6144K)
 Metaspace       used 108258K, committed 109440K, reserved 1179648K
  class space    used 13806K, committed 14464K, reserved 1048576K
}
Event: 2298.391 GC heap after
{Heap after GC invocations=51 (full 0):
 garbage-first heap   total 273408K, used 89565K [0x00000000a2600000, 0x0000000100000000)
  region size 1024K, 5 young (5120K), 5 survivors (5120K)
 Metaspace       used 108258K, committed 109440K, reserved 1179648K
  class space    used 13806K, committed 14464K, reserved 1048576K
}

