# JRE version: Java(TM) SE Runtime Environment (17.0.12+8) (build 17.0.12+8-LTS-286)
# Java VM: Java HotSpot(TM) 64-Bit Server VM (17.0.12+8-LTS-286, mixed mode, sharing, tiered, compressed oops, compressed class ptrs, g1 gc, windows-amd64)
GC Precious Log:
 CPUs: 12 total, 12 available
 Memory: 5989M
 Large Page Support: Disabled
 NUMA Support: Disabled
 Compressed Oops: Enabled (32-bit)
 Heap Region Size: 1M
 Heap Min Capacity: 8M
 Heap Initial Capacity: 94M
 Heap Max Capacity: 1498M
 Pre-touch: Disabled
 Parallel Workers: 10
 Concurrent Workers: 3
 Concurrent Refinement Workers: 10
 Periodic GC: Disabled
Heap:
 garbage-first heap   total 347136K, used 183498K [0x00000000a2600000, 0x0000000100000000)
  region size 1024K, 82 young (83968K), 10 survivors (10240K)
 Metaspace       used 106236K, committed 107648K, reserved 1179648K
  class space    used 13872K, committed 14592K, reserved 1048576K
GC Heap History (20 events):
Event: 16.662 GC heap before
{Heap before GC invocations=31 (full 0):
 garbage-first heap   total 137216K, used 107890K [0x00000000a2600000, 0x0000000100000000)
  region size 1024K, 28 young (28672K), 1 survivors (1024K)
 Metaspace       used 83177K, committed 83840K, reserved 1179648K
  class space    used 11185K, committed 11520K, reserved 1048576K
}
Event: 16.670 GC heap after
{Heap after GC invocations=32 (full 0):
 garbage-first heap   total 137216K, used 84666K [0x00000000a2600000, 0x0000000100000000)
  region size 1024K, 4 young (4096K), 4 survivors (4096K)
 Metaspace       used 83177K, committed 83840K, reserved 1179648K
  class space    used 11185K, committed 11520K, reserved 1048576K
}
Event: 16.885 GC heap before
{Heap before GC invocations=33 (full 0):
 garbage-first heap   total 137216K, used 100026K [0x00000000a2600000, 0x0000000100000000)
  region size 1024K, 28 young (28672K), 4 survivors (4096K)
 Metaspace       used 83490K, committed 84160K, reserved 1179648K
  class space    used 11230K, committed 11584K, reserved 1048576K
}
Event: 16.892 GC heap after
{Heap after GC invocations=34 (full 0):
 garbage-first heap   total 137216K, used 77347K [0x00000000a2600000, 0x0000000100000000)
  region size 1024K, 2 young (2048K), 2 survivors (2048K)
 Metaspace       used 83490K, committed 84160K, reserved 1179648K
  class space    used 11230K, committed 11584K, reserved 1048576K
}
Event: 16.918 GC heap before
{Heap before GC invocations=34 (full 0):
 garbage-first heap   total 137216K, used 81443K [0x00000000a2600000, 0x0000000100000000)
  region size 1024K, 6 young (6144K), 2 survivors (2048K)
 Metaspace       used 83510K, committed 84160K, reserved 1179648K
  class space    used 11230K, committed 11584K, reserved 1048576K
}
Event: 16.922 GC heap after
{Heap after GC invocations=35 (full 0):
 garbage-first heap   total 347136K, used 68181K [0x00000000a2600000, 0x0000000100000000)
  region size 1024K, 1 young (1024K), 1 survivors (1024K)
 Metaspace       used 83510K, committed 84160K, reserved 1179648K
  class space    used 11230K, committed 11584K, reserved 1048576K
}
Event: 17.359 GC heap before
{Heap before GC invocations=35 (full 0):
 garbage-first heap   total 347136K, used 221781K [0x00000000a2600000, 0x0000000100000000)
  region size 1024K, 151 young (154624K), 1 survivors (1024K)
 Metaspace       used 83981K, committed 84672K, reserved 1179648K
  class space    used 11264K, committed 11648K, reserved 1048576K
}
Event: 17.363 GC heap after
{Heap after GC invocations=36 (full 0):
 garbage-first heap   total 347136K, used 69783K [0x00000000a2600000, 0x0000000100000000)
  region size 1024K, 2 young (2048K), 2 survivors (2048K)
 Metaspace       used 83981K, committed 84672K, reserved 1179648K
  class space    used 11264K, committed 11648K, reserved 1048576K
}
Event: 17.715 GC heap before
{Heap before GC invocations=36 (full 0):
 garbage-first heap   total 347136K, used 271511K [0x00000000a2600000, 0x0000000100000000)
  region size 1024K, 199 young (203776K), 2 survivors (2048K)
 Metaspace       used 84192K, committed 84864K, reserved 1179648K
  class space    used 11355K, committed 11712K, reserved 1048576K
}
Event: 17.733 GC heap after
{Heap after GC invocations=37 (full 0):
 garbage-first heap   total 347136K, used 82489K [0x00000000a2600000, 0x0000000100000000)
  region size 1024K, 15 young (15360K), 15 survivors (15360K)
 Metaspace       used 84192K, committed 84864K, reserved 1179648K
  class space    used 11355K, committed 11712K, reserved 1048576K
}
Event: 19.567 GC heap before
{Heap before GC invocations=37 (full 0):
 garbage-first heap   total 347136K, used 276025K [0x00000000a2600000, 0x0000000100000000)
  region size 1024K, 203 young (207872K), 15 survivors (15360K)
 Metaspace       used 88194K, committed 88896K, reserved 1179648K
  class space    used 11760K, committed 12096K, reserved 1048576K
}
Event: 19.623 GC heap after
{Heap after GC invocations=38 (full 0):
 garbage-first heap   total 347136K, used 100833K [0x00000000a2600000, 0x0000000100000000)
  region size 1024K, 26 young (26624K), 26 survivors (26624K)
 Metaspace       used 88194K, committed 88896K, reserved 1179648K
  class space    used 11760K, committed 12096K, reserved 1048576K
}
Event: 527.848 GC heap before
{Heap before GC invocations=38 (full 0):
 garbage-first heap   total 347136K, used 275937K [0x00000000a2600000, 0x0000000100000000)
  region size 1024K, 198 young (202752K), 26 survivors (26624K)
 Metaspace       used 100427K, committed 101376K, reserved 1179648K
  class space    used 13139K, committed 13632K, reserved 1048576K
}
Event: 528.022 GC heap after
{Heap after GC invocations=39 (full 0):
 garbage-first heap   total 347136K, used 110043K [0x00000000a2600000, 0x0000000100000000)
  region size 1024K, 9 young (9216K), 9 survivors (9216K)
 Metaspace       used 100427K, committed 101376K, reserved 1179648K
  class space    used 13139K, committed 13632K, reserved 1048576K
}
Event: 577.692 GC heap before
{Heap before GC invocations=39 (full 0):
 garbage-first heap   total 347136K, used 281051K [0x00000000a2600000, 0x0000000100000000)
  region size 1024K, 177 young (181248K), 9 survivors (9216K)
 Metaspace       used 104812K, committed 105856K, reserved 1179648K
  class space    used 13655K, committed 14208K, reserved 1048576K
}
Event: 577.733 GC heap after
{Heap after GC invocations=40 (full 0):
 garbage-first heap   total 347136K, used 111281K [0x00000000a2600000, 0x0000000100000000)
  region size 1024K, 11 young (11264K), 11 survivors (11264K)
 Metaspace       used 104812K, committed 105856K, reserved 1179648K
  class space    used 13655K, committed 14208K, reserved 1048576K
}
Event: 578.080 GC heap before
{Heap before GC invocations=40 (full 0):
 garbage-first heap   total 347136K, used 284337K [0x00000000a2600000, 0x0000000100000000)
  region size 1024K, 180 young (184320K), 11 survivors (11264K)
 Metaspace       used 104825K, committed 105856K, reserved 1179648K
  class space    used 13655K, committed 14208K, reserved 1048576K
}
Event: 578.094 GC heap after
{Heap after GC invocations=41 (full 0):
 garbage-first heap   total 347136K, used 111000K [0x00000000a2600000, 0x0000000100000000)
  region size 1024K, 10 young (10240K), 10 survivors (10240K)
 Metaspace       used 104825K, committed 105856K, reserved 1179648K
  class space    used 13655K, committed 14208K, reserved 1048576K
}
Event: 588.209 GC heap before
{Heap before GC invocations=41 (full 0):
 garbage-first heap   total 347136K, used 289176K [0x00000000a2600000, 0x0000000100000000)
  region size 1024K, 184 young (188416K), 10 survivors (10240K)
 Metaspace       used 104969K, committed 106048K, reserved 1179648K
  class space    used 13658K, committed 14208K, reserved 1048576K
}
Event: 588.220 GC heap after
{Heap after GC invocations=42 (full 0):
 garbage-first heap   total 347136K, used 110794K [0x00000000a2600000, 0x0000000100000000)
  region size 1024K, 10 young (10240K), 10 survivors (10240K)
 Metaspace       used 104969K, committed 106048K, reserved 1179648K
  class space    used 13658K, committed 14208K, reserved 1048576K
}

