# JRE version: Java(TM) SE Runtime Environment (17.0.12+8) (build 17.0.12+8-LTS-286)
# Java VM: Java HotSpot(TM) 64-Bit Server VM (17.0.12+8-LTS-286, mixed mode, sharing, tiered, compressed oops, compressed class ptrs, g1 gc, windows-amd64)
GC Precious Log:
 CPUs: 12 total, 12 available
 Memory: 5989M
 Large Page Support: Disabled
 NUMA Support: Disabled
 Compressed Oops: Enabled (32-bit)
 Heap Region Size: 1M
 Heap Min Capacity: 8M
 Heap Initial Capacity: 94M
 Heap Max Capacity: 1498M
 Pre-touch: Disabled
 Parallel Workers: 10
 Concurrent Workers: 3
 Concurrent Refinement Workers: 10
 Periodic GC: Disabled
Heap:
 garbage-first heap   total 434176K, used 240884K [0x00000000a2600000, 0x0000000100000000)
  region size 1024K, 146 young (149504K), 10 survivors (10240K)
 Metaspace       used 85986K, committed 86720K, reserved 1179648K
  class space    used 11460K, committed 11840K, reserved 1048576K
GC Heap History (20 events):
Event: 15.554 GC heap before
{Heap before GC invocations=23 (full 0):
 garbage-first heap   total 132096K, used 101215K [0x00000000a2600000, 0x0000000100000000)
  region size 1024K, 44 young (45056K), 8 survivors (8192K)
 Metaspace       used 82800K, committed 83456K, reserved 1179648K
  class space    used 11138K, committed 11456K, reserved 1048576K
}
Event: 15.568 GC heap after
{Heap after GC invocations=24 (full 0):
 garbage-first heap   total 132096K, used 70187K [0x00000000a2600000, 0x0000000100000000)
  region size 1024K, 6 young (6144K), 6 survivors (6144K)
 Metaspace       used 82800K, committed 83456K, reserved 1179648K
  class space    used 11138K, committed 11456K, reserved 1048576K
}
Event: 15.671 GC heap before
{Heap before GC invocations=24 (full 0):
 garbage-first heap   total 132096K, used 101931K [0x00000000a2600000, 0x0000000100000000)
  region size 1024K, 37 young (37888K), 6 survivors (6144K)
 Metaspace       used 82906K, committed 83584K, reserved 1179648K
  class space    used 11147K, committed 11520K, reserved 1048576K
}
Event: 15.677 GC heap after
{Heap after GC invocations=25 (full 0):
 garbage-first heap   total 132096K, used 70581K [0x00000000a2600000, 0x0000000100000000)
  region size 1024K, 2 young (2048K), 2 survivors (2048K)
 Metaspace       used 82906K, committed 83584K, reserved 1179648K
  class space    used 11147K, committed 11520K, reserved 1048576K
}
Event: 15.828 GC heap before
{Heap before GC invocations=26 (full 0):
 garbage-first heap   total 135168K, used 103349K [0x00000000a2600000, 0x0000000100000000)
  region size 1024K, 34 young (34816K), 2 survivors (2048K)
 Metaspace       used 83037K, committed 83776K, reserved 1179648K
  class space    used 11158K, committed 11520K, reserved 1048576K
}
Event: 15.833 GC heap after
{Heap after GC invocations=27 (full 0):
 garbage-first heap   total 135168K, used 72889K [0x00000000a2600000, 0x0000000100000000)
  region size 1024K, 4 young (4096K), 4 survivors (4096K)
 Metaspace       used 83037K, committed 83776K, reserved 1179648K
  class space    used 11158K, committed 11520K, reserved 1048576K
}
Event: 15.838 GC heap before
{Heap before GC invocations=27 (full 0):
 garbage-first heap   total 135168K, used 74937K [0x00000000a2600000, 0x0000000100000000)
  region size 1024K, 6 young (6144K), 4 survivors (4096K)
 Metaspace       used 83037K, committed 83776K, reserved 1179648K
  class space    used 11158K, committed 11520K, reserved 1048576K
}
Event: 15.845 GC heap after
{Heap after GC invocations=28 (full 0):
 garbage-first heap   total 195584K, used 73230K [0x00000000a2600000, 0x0000000100000000)
  region size 1024K, 1 young (1024K), 1 survivors (1024K)
 Metaspace       used 83037K, committed 83776K, reserved 1179648K
  class space    used 11158K, committed 11520K, reserved 1048576K
}
Event: 16.711 GC heap before
{Heap before GC invocations=28 (full 0):
 garbage-first heap   total 195584K, used 147982K [0x00000000a2600000, 0x0000000100000000)
  region size 1024K, 74 young (75776K), 1 survivors (1024K)
 Metaspace       used 83738K, committed 84416K, reserved 1179648K
  class space    used 11239K, committed 11584K, reserved 1048576K
}
Event: 16.720 GC heap after
{Heap after GC invocations=29 (full 0):
 garbage-first heap   total 195584K, used 78992K [0x00000000a2600000, 0x0000000100000000)
  region size 1024K, 7 young (7168K), 7 survivors (7168K)
 Metaspace       used 83738K, committed 84416K, reserved 1179648K
  class space    used 11239K, committed 11584K, reserved 1048576K
}
Event: 16.954 GC heap before
{Heap before GC invocations=29 (full 0):
 garbage-first heap   total 195584K, used 148624K [0x00000000a2600000, 0x0000000100000000)
  region size 1024K, 75 young (76800K), 7 survivors (7168K)
 Metaspace       used 83848K, committed 84544K, reserved 1179648K
  class space    used 11248K, committed 11584K, reserved 1048576K
}
Event: 16.964 GC heap after
{Heap after GC invocations=30 (full 0):
 garbage-first heap   total 195584K, used 82006K [0x00000000a2600000, 0x0000000100000000)
  region size 1024K, 3 young (3072K), 3 survivors (3072K)
 Metaspace       used 83848K, committed 84544K, reserved 1179648K
  class space    used 11248K, committed 11584K, reserved 1048576K
}
Event: 17.145 GC heap before
{Heap before GC invocations=30 (full 0):
 garbage-first heap   total 195584K, used 152662K [0x00000000a2600000, 0x0000000100000000)
  region size 1024K, 72 young (73728K), 3 survivors (3072K)
 Metaspace       used 83866K, committed 84544K, reserved 1179648K
  class space    used 11251K, committed 11584K, reserved 1048576K
}
Event: 17.148 GC heap after
{Heap after GC invocations=31 (full 0):
 garbage-first heap   total 195584K, used 81683K [0x00000000a2600000, 0x0000000100000000)
  region size 1024K, 3 young (3072K), 3 survivors (3072K)
 Metaspace       used 83866K, committed 84544K, reserved 1179648K
  class space    used 11251K, committed 11584K, reserved 1048576K
}
Event: 17.309 GC heap before
{Heap before GC invocations=31 (full 0):
 garbage-first heap   total 195584K, used 155411K [0x00000000a2600000, 0x0000000100000000)
  region size 1024K, 75 young (76800K), 3 survivors (3072K)
 Metaspace       used 83866K, committed 84544K, reserved 1179648K
  class space    used 11251K, committed 11584K, reserved 1048576K
}
Event: 17.313 GC heap after
{Heap after GC invocations=32 (full 0):
 garbage-first heap   total 195584K, used 82387K [0x00000000a2600000, 0x0000000100000000)
  region size 1024K, 4 young (4096K), 4 survivors (4096K)
 Metaspace       used 83866K, committed 84544K, reserved 1179648K
  class space    used 11251K, committed 11584K, reserved 1048576K
}
Event: 17.504 GC heap before
{Heap before GC invocations=32 (full 0):
 garbage-first heap   total 195584K, used 157139K [0x00000000a2600000, 0x0000000100000000)
  region size 1024K, 77 young (78848K), 4 survivors (4096K)
 Metaspace       used 84073K, committed 84800K, reserved 1179648K
  class space    used 11341K, committed 11712K, reserved 1048576K
}
Event: 17.513 GC heap after
{Heap after GC invocations=33 (full 0):
 garbage-first heap   total 195584K, used 88007K [0x00000000a2600000, 0x0000000100000000)
  region size 1024K, 9 young (9216K), 9 survivors (9216K)
 Metaspace       used 84073K, committed 84800K, reserved 1179648K
  class space    used 11341K, committed 11712K, reserved 1048576K
}
Event: 17.640 GC heap before
{Heap before GC invocations=33 (full 0):
 garbage-first heap   total 195584K, used 157639K [0x00000000a2600000, 0x0000000100000000)
  region size 1024K, 76 young (77824K), 9 survivors (9216K)
 Metaspace       used 84073K, committed 84800K, reserved 1179648K
  class space    used 11341K, committed 11712K, reserved 1048576K
}
Event: 17.665 GC heap after
{Heap after GC invocations=34 (full 0):
 garbage-first heap   total 434176K, used 102644K [0x00000000a2600000, 0x0000000100000000)
  region size 1024K, 10 young (10240K), 10 survivors (10240K)
 Metaspace       used 84073K, committed 84800K, reserved 1179648K
  class space    used 11341K, committed 11712K, reserved 1048576K
}

