# JRE version: Java(TM) SE Runtime Environment (17.0.12+8) (build 17.0.12+8-LTS-286)
# Java VM: Java HotSpot(TM) 64-Bit Server VM (17.0.12+8-LTS-286, mixed mode, sharing, tiered, compressed oops, compressed class ptrs, g1 gc, windows-amd64)
GC Precious Log:
 CPUs: 12 total, 12 available
 Memory: 5989M
 Large Page Support: Disabled
 NUMA Support: Disabled
 Compressed Oops: Enabled (32-bit)
 Heap Region Size: 1M
 Heap Min Capacity: 8M
 Heap Initial Capacity: 94M
 Heap Max Capacity: 1498M
 Pre-touch: Disabled
 Parallel Workers: 10
 Concurrent Workers: 3
 Concurrent Refinement Workers: 10
 Periodic GC: Disabled
Heap:
 garbage-first heap   total 153600K, used 74741K [0x00000000a2600000, 0x0000000100000000)
  region size 1024K, 2 young (2048K), 2 survivors (2048K)
 Metaspace       used 83195K, committed 83840K, reserved 1179648K
  class space    used 11196K, committed 11520K, reserved 1048576K
GC Heap History (20 events):
Event: 12.323 GC heap after
{Heap after GC invocations=21 (full 0):
 garbage-first heap   total 109568K, used 49224K [0x00000000a2600000, 0x0000000100000000)
  region size 1024K, 6 young (6144K), 6 survivors (6144K)
 Metaspace       used 78994K, committed 79552K, reserved 1179648K
  class space    used 10698K, committed 10944K, reserved 1048576K
}
Event: 12.710 GC heap before
{Heap before GC invocations=21 (full 0):
 garbage-first heap   total 109568K, used 89160K [0x00000000a2600000, 0x0000000100000000)
  region size 1024K, 45 young (46080K), 6 survivors (6144K)
 Metaspace       used 80257K, committed 80896K, reserved 1179648K
  class space    used 10854K, committed 11136K, reserved 1048576K
}
Event: 12.716 GC heap after
{Heap after GC invocations=22 (full 0):
 garbage-first heap   total 109568K, used 49765K [0x00000000a2600000, 0x0000000100000000)
  region size 1024K, 4 young (4096K), 4 survivors (4096K)
 Metaspace       used 80257K, committed 80896K, reserved 1179648K
  class space    used 10854K, committed 11136K, reserved 1048576K
}
Event: 13.137 GC heap before
{Heap before GC invocations=22 (full 0):
 garbage-first heap   total 109568K, used 88677K [0x00000000a2600000, 0x0000000100000000)
  region size 1024K, 42 young (43008K), 4 survivors (4096K)
 Metaspace       used 81681K, committed 82304K, reserved 1179648K
  class space    used 11025K, committed 11328K, reserved 1048576K
}
Event: 13.142 GC heap after
{Heap after GC invocations=23 (full 0):
 garbage-first heap   total 109568K, used 51490K [0x00000000a2600000, 0x0000000100000000)
  region size 1024K, 5 young (5120K), 5 survivors (5120K)
 Metaspace       used 81681K, committed 82304K, reserved 1179648K
  class space    used 11025K, committed 11328K, reserved 1048576K
}
Event: 13.401 GC heap before
{Heap before GC invocations=23 (full 0):
 garbage-first heap   total 109568K, used 90402K [0x00000000a2600000, 0x0000000100000000)
  region size 1024K, 43 young (44032K), 5 survivors (5120K)
 Metaspace       used 82734K, committed 83328K, reserved 1179648K
  class space    used 11136K, committed 11456K, reserved 1048576K
}
Event: 13.407 GC heap after
{Heap after GC invocations=24 (full 0):
 garbage-first heap   total 109568K, used 53263K [0x00000000a2600000, 0x0000000100000000)
  region size 1024K, 4 young (4096K), 4 survivors (4096K)
 Metaspace       used 82734K, committed 83328K, reserved 1179648K
  class space    used 11136K, committed 11456K, reserved 1048576K
}
Event: 13.474 GC heap before
{Heap before GC invocations=24 (full 0):
 garbage-first heap   total 109568K, used 91151K [0x00000000a2600000, 0x0000000100000000)
  region size 1024K, 41 young (41984K), 4 survivors (4096K)
 Metaspace       used 82759K, committed 83392K, reserved 1179648K
  class space    used 11139K, committed 11456K, reserved 1048576K
}
Event: 13.480 GC heap after
{Heap after GC invocations=25 (full 0):
 garbage-first heap   total 132096K, used 54883K [0x00000000a2600000, 0x0000000100000000)
  region size 1024K, 4 young (4096K), 4 survivors (4096K)
 Metaspace       used 82759K, committed 83392K, reserved 1179648K
  class space    used 11139K, committed 11456K, reserved 1048576K
}
Event: 13.599 GC heap before
{Heap before GC invocations=26 (full 0):
 garbage-first heap   total 132096K, used 109155K [0x00000000a2600000, 0x0000000100000000)
  region size 1024K, 57 young (58368K), 4 survivors (4096K)
 Metaspace       used 82759K, committed 83392K, reserved 1179648K
  class space    used 11139K, committed 11456K, reserved 1048576K
}
Event: 13.611 GC heap after
{Heap after GC invocations=27 (full 0):
 garbage-first heap   total 132096K, used 65331K [0x00000000a2600000, 0x0000000100000000)
  region size 1024K, 8 young (8192K), 8 survivors (8192K)
 Metaspace       used 82759K, committed 83392K, reserved 1179648K
  class space    used 11139K, committed 11456K, reserved 1048576K
}
Event: 13.613 GC heap before
{Heap before GC invocations=27 (full 0):
 garbage-first heap   total 132096K, used 66355K [0x00000000a2600000, 0x0000000100000000)
  region size 1024K, 9 young (9216K), 8 survivors (8192K)
 Metaspace       used 82759K, committed 83392K, reserved 1179648K
  class space    used 11139K, committed 11456K, reserved 1048576K
}
Event: 13.622 GC heap after
{Heap after GC invocations=28 (full 0):
 garbage-first heap   total 132096K, used 66517K [0x00000000a2600000, 0x0000000100000000)
  region size 1024K, 2 young (2048K), 2 survivors (2048K)
 Metaspace       used 82759K, committed 83392K, reserved 1179648K
  class space    used 11139K, committed 11456K, reserved 1048576K
}
Event: 13.736 GC heap before
{Heap before GC invocations=28 (full 0):
 garbage-first heap   total 132096K, used 101333K [0x00000000a2600000, 0x0000000100000000)
  region size 1024K, 36 young (36864K), 2 survivors (2048K)
 Metaspace       used 82903K, committed 83584K, reserved 1179648K
  class space    used 11162K, committed 11520K, reserved 1048576K
}
Event: 13.744 GC heap after
{Heap after GC invocations=29 (full 0):
 garbage-first heap   total 132096K, used 71860K [0x00000000a2600000, 0x0000000100000000)
  region size 1024K, 5 young (5120K), 5 survivors (5120K)
 Metaspace       used 82903K, committed 83584K, reserved 1179648K
  class space    used 11162K, committed 11520K, reserved 1048576K
}
Event: 13.844 GC heap before
{Heap before GC invocations=30 (full 0):
 garbage-first heap   total 153600K, used 102580K [0x00000000a2600000, 0x0000000100000000)
  region size 1024K, 35 young (35840K), 5 survivors (5120K)
 Metaspace       used 82924K, committed 83584K, reserved 1179648K
  class space    used 11164K, committed 11520K, reserved 1048576K
}
Event: 13.849 GC heap after
{Heap after GC invocations=31 (full 0):
 garbage-first heap   total 153600K, used 73573K [0x00000000a2600000, 0x0000000100000000)
  region size 1024K, 2 young (2048K), 2 survivors (2048K)
 Metaspace       used 82924K, committed 83584K, reserved 1179648K
  class space    used 11164K, committed 11520K, reserved 1048576K
}
Event: 13.879 GC heap before
{Heap before GC invocations=31 (full 0):
 garbage-first heap   total 153600K, used 78693K [0x00000000a2600000, 0x0000000100000000)
  region size 1024K, 7 young (7168K), 2 survivors (2048K)
 Metaspace       used 82964K, committed 83648K, reserved 1179648K
  class space    used 11172K, committed 11520K, reserved 1048576K
}
Event: 13.883 GC heap after
{Heap after GC invocations=32 (full 0):
 garbage-first heap   total 153600K, used 73819K [0x00000000a2600000, 0x0000000100000000)
  region size 1024K, 1 young (1024K), 1 survivors (1024K)
 Metaspace       used 82964K, committed 83648K, reserved 1179648K
  class space    used 11172K, committed 11520K, reserved 1048576K
}
Event: 14.085 GC heap before
{Heap before GC invocations=32 (full 0):
 garbage-first heap   total 153600K, used 115803K [0x00000000a2600000, 0x0000000100000000)
  region size 1024K, 42 young (43008K), 1 survivors (1024K)
 Metaspace       used 83195K, committed 83840K, reserved 1179648K
  class space    used 11196K, committed 11520K, reserved 1048576K
}

