# JRE version: Java(TM) SE Runtime Environment (17.0.12+8) (build 17.0.12+8-LTS-286)
# Java VM: Java HotSpot(TM) 64-Bit Server VM (17.0.12+8-LTS-286, mixed mode, sharing, tiered, compressed oops, compressed class ptrs, g1 gc, windows-amd64)
GC Precious Log:
 CPUs: 12 total, 12 available
 Memory: 5989M
 Large Page Support: Disabled
 NUMA Support: Disabled
 Compressed Oops: Enabled (32-bit)
 Heap Region Size: 1M
 Heap Min Capacity: 8M
 Heap Initial Capacity: 94M
 Heap Max Capacity: 1498M
 Pre-touch: Disabled
 Parallel Workers: 10
 Concurrent Workers: 3
 Concurrent Refinement Workers: 10
 Periodic GC: Disabled
Heap:
 garbage-first heap   total 347136K, used 183860K [0x00000000a2600000, 0x0000000100000000)
  region size 1024K, 87 young (89088K), 9 survivors (9216K)
 Metaspace       used 108704K, committed 110016K, reserved 1179648K
  class space    used 14094K, committed 14784K, reserved 1048576K
GC Heap History (20 events):
Event: 22.759 GC heap before
{Heap before GC invocations=28 (full 0):
 garbage-first heap   total 144384K, used 117249K [0x00000000a2600000, 0x0000000100000000)
  region size 1024K, 64 young (65536K), 9 survivors (9216K)
 Metaspace       used 83002K, committed 83648K, reserved 1179648K
  class space    used 11167K, committed 11456K, reserved 1048576K
}
Event: 22.790 GC heap after
{Heap after GC invocations=29 (full 0):
 garbage-first heap   total 149504K, used 82474K [0x00000000a2600000, 0x0000000100000000)
  region size 1024K, 8 young (8192K), 8 survivors (8192K)
 Metaspace       used 83002K, committed 83648K, reserved 1179648K
  class space    used 11167K, committed 11456K, reserved 1048576K
}
Event: 22.913 GC heap before
{Heap before GC invocations=29 (full 0):
 garbage-first heap   total 149504K, used 113194K [0x00000000a2600000, 0x0000000100000000)
  region size 1024K, 38 young (38912K), 8 survivors (8192K)
 Metaspace       used 83182K, committed 83840K, reserved 1179648K
  class space    used 11255K, committed 11584K, reserved 1048576K
}
Event: 22.922 GC heap after
{Heap after GC invocations=30 (full 0):
 garbage-first heap   total 149504K, used 87999K [0x00000000a2600000, 0x0000000100000000)
  region size 1024K, 4 young (4096K), 4 survivors (4096K)
 Metaspace       used 83182K, committed 83840K, reserved 1179648K
  class space    used 11255K, committed 11584K, reserved 1048576K
}
Event: 23.003 GC heap before
{Heap before GC invocations=30 (full 0):
 garbage-first heap   total 191488K, used 115647K [0x00000000a2600000, 0x0000000100000000)
  region size 1024K, 32 young (32768K), 4 survivors (4096K)
 Metaspace       used 83182K, committed 83840K, reserved 1179648K
  class space    used 11255K, committed 11584K, reserved 1048576K
}
Event: 23.009 GC heap after
{Heap after GC invocations=31 (full 0):
 garbage-first heap   total 347136K, used 86725K [0x00000000a2600000, 0x0000000100000000)
  region size 1024K, 2 young (2048K), 2 survivors (2048K)
 Metaspace       used 83182K, committed 83840K, reserved 1179648K
  class space    used 11255K, committed 11584K, reserved 1048576K
}
Event: 23.710 GC heap before
{Heap before GC invocations=32 (full 0):
 garbage-first heap   total 347136K, used 271045K [0x00000000a2600000, 0x0000000100000000)
  region size 1024K, 182 young (186368K), 2 survivors (2048K)
 Metaspace       used 83292K, committed 83904K, reserved 1179648K
  class space    used 11275K, committed 11584K, reserved 1048576K
}
Event: 23.716 GC heap after
{Heap after GC invocations=33 (full 0):
 garbage-first heap   total 347136K, used 88408K [0x00000000a2600000, 0x0000000100000000)
  region size 1024K, 3 young (3072K), 3 survivors (3072K)
 Metaspace       used 83292K, committed 83904K, reserved 1179648K
  class space    used 11275K, committed 11584K, reserved 1048576K
}
Event: 292.188 GC heap before
{Heap before GC invocations=33 (full 0):
 garbage-first heap   total 347136K, used 286040K [0x00000000a2600000, 0x0000000100000000)
  region size 1024K, 196 young (200704K), 3 survivors (3072K)
 Metaspace       used 97497K, committed 98240K, reserved 1179648K
  class space    used 12949K, committed 13312K, reserved 1048576K
}
Event: 292.322 GC heap after
{Heap after GC invocations=34 (full 0):
 garbage-first heap   total 347136K, used 97963K [0x00000000a2600000, 0x0000000100000000)
  region size 1024K, 13 young (13312K), 13 survivors (13312K)
 Metaspace       used 97497K, committed 98240K, reserved 1179648K
  class space    used 12949K, committed 13312K, reserved 1048576K
}
Event: 352.389 GC heap before
{Heap before GC invocations=34 (full 0):
 garbage-first heap   total 347136K, used 280235K [0x00000000a2600000, 0x0000000100000000)
  region size 1024K, 192 young (196608K), 13 survivors (13312K)
 Metaspace       used 101491K, committed 102400K, reserved 1179648K
  class space    used 13402K, committed 13824K, reserved 1048576K
}
Event: 352.437 GC heap after
{Heap after GC invocations=35 (full 0):
 garbage-first heap   total 347136K, used 100075K [0x00000000a2600000, 0x0000000100000000)
  region size 1024K, 15 young (15360K), 15 survivors (15360K)
 Metaspace       used 101491K, committed 102400K, reserved 1179648K
  class space    used 13402K, committed 13824K, reserved 1048576K
}
Event: 1273.561 GC heap before
{Heap before GC invocations=35 (full 0):
 garbage-first heap   total 347136K, used 285419K [0x00000000a2600000, 0x0000000100000000)
  region size 1024K, 196 young (200704K), 15 survivors (15360K)
 Metaspace       used 104321K, committed 105664K, reserved 1179648K
  class space    used 13682K, committed 14336K, reserved 1048576K
}
Event: 1273.639 GC heap after
{Heap after GC invocations=36 (full 0):
 garbage-first heap   total 347136K, used 101908K [0x00000000a2600000, 0x0000000100000000)
  region size 1024K, 14 young (14336K), 14 survivors (14336K)
 Metaspace       used 104321K, committed 105664K, reserved 1179648K
  class space    used 13682K, committed 14336K, reserved 1048576K
}
Event: 2867.548 GC heap before
{Heap before GC invocations=36 (full 0):
 garbage-first heap   total 347136K, used 290324K [0x00000000a2600000, 0x0000000100000000)
  region size 1024K, 198 young (202752K), 14 survivors (14336K)
 Metaspace       used 104964K, committed 106304K, reserved 1179648K
  class space    used 13705K, committed 14336K, reserved 1048576K
}
Event: 2867.664 GC heap after
{Heap after GC invocations=37 (full 0):
 garbage-first heap   total 347136K, used 103202K [0x00000000a2600000, 0x0000000100000000)
  region size 1024K, 16 young (16384K), 16 survivors (16384K)
 Metaspace       used 104964K, committed 106304K, reserved 1179648K
  class space    used 13705K, committed 14336K, reserved 1048576K
}
Event: 2983.543 GC heap before
{Heap before GC invocations=37 (full 0):
 garbage-first heap   total 347136K, used 291618K [0x00000000a2600000, 0x0000000100000000)
  region size 1024K, 201 young (205824K), 16 survivors (16384K)
 Metaspace       used 108040K, committed 109312K, reserved 1179648K
  class space    used 14079K, committed 14720K, reserved 1048576K
}
Event: 2983.619 GC heap after
{Heap after GC invocations=38 (full 0):
 garbage-first heap   total 347136K, used 104965K [0x00000000a2600000, 0x0000000100000000)
  region size 1024K, 9 young (9216K), 9 survivors (9216K)
 Metaspace       used 108040K, committed 109312K, reserved 1179648K
  class space    used 14079K, committed 14720K, reserved 1048576K
}
Event: 3970.689 GC heap before
{Heap before GC invocations=38 (full 0):
 garbage-first heap   total 347136K, used 293381K [0x00000000a2600000, 0x0000000100000000)
  region size 1024K, 194 young (198656K), 9 survivors (9216K)
 Metaspace       used 108613K, committed 109952K, reserved 1179648K
  class space    used 14090K, committed 14784K, reserved 1048576K
}
Event: 3970.784 GC heap after
{Heap after GC invocations=39 (full 0):
 garbage-first heap   total 347136K, used 105012K [0x00000000a2600000, 0x0000000100000000)
  region size 1024K, 9 young (9216K), 9 survivors (9216K)
 Metaspace       used 108613K, committed 109952K, reserved 1179648K
  class space    used 14090K, committed 14784K, reserved 1048576K
}

