# JRE version: Java(TM) SE Runtime Environment (17.0.12+8) (build 17.0.12+8-LTS-286)
# Java VM: Java HotSpot(TM) 64-Bit Server VM (17.0.12+8-LTS-286, mixed mode, sharing, tiered, compressed oops, compressed class ptrs, g1 gc, windows-amd64)
GC Precious Log:
 CPUs: 12 total, 12 available
 Memory: 5989M
 Large Page Support: Disabled
 NUMA Support: Disabled
 Compressed Oops: Enabled (32-bit)
 Heap Region Size: 1M
 Heap Min Capacity: 8M
 Heap Initial Capacity: 94M
 Heap Max Capacity: 1498M
 Pre-touch: Disabled
 Parallel Workers: 10
 Concurrent Workers: 3
 Concurrent Refinement Workers: 10
 Periodic GC: Disabled
Heap:
 garbage-first heap   total 120832K, used 50040K [0x00000000a2600000, 0x0000000100000000)
  region size 1024K, 4 young (4096K), 4 survivors (4096K)
 Metaspace       used 89996K, committed 90880K, reserved 1179648K
  class space    used 12246K, committed 12672K, reserved 1048576K
GC Heap History (20 events):
Event: 8.411 GC heap after
{Heap after GC invocations=15 (full 0):
 garbage-first heap   total 100352K, used 35473K [0x00000000a2600000, 0x0000000100000000)
  region size 1024K, 5 young (5120K), 5 survivors (5120K)
 Metaspace       used 67699K, committed 68224K, reserved 1114112K
  class space    used 9105K, committed 9344K, reserved 1048576K
}
Event: 8.908 GC heap before
{Heap before GC invocations=15 (full 0):
 garbage-first heap   total 100352K, used 80529K [0x00000000a2600000, 0x0000000100000000)
  region size 1024K, 49 young (50176K), 5 survivors (5120K)
 Metaspace       used 71630K, committed 72192K, reserved 1114112K
  class space    used 9923K, committed 10176K, reserved 1048576K
}
Event: 8.922 GC heap after
{Heap after GC invocations=16 (full 0):
 garbage-first heap   total 100352K, used 38475K [0x00000000a2600000, 0x0000000100000000)
  region size 1024K, 3 young (3072K), 3 survivors (3072K)
 Metaspace       used 71630K, committed 72192K, reserved 1114112K
  class space    used 9923K, committed 10176K, reserved 1048576K
}
Event: 9.671 GC heap before
{Heap before GC invocations=16 (full 0):
 garbage-first heap   total 100352K, used 80459K [0x00000000a2600000, 0x0000000100000000)
  region size 1024K, 45 young (46080K), 3 survivors (3072K)
 Metaspace       used 75055K, committed 75712K, reserved 1114112K
  class space    used 10363K, committed 10688K, reserved 1048576K
}
Event: 9.677 GC heap after
{Heap after GC invocations=17 (full 0):
 garbage-first heap   total 100352K, used 40321K [0x00000000a2600000, 0x0000000100000000)
  region size 1024K, 5 young (5120K), 5 survivors (5120K)
 Metaspace       used 75055K, committed 75712K, reserved 1114112K
  class space    used 10363K, committed 10688K, reserved 1048576K
}
Event: 10.409 GC heap before
{Heap before GC invocations=17 (full 0):
 garbage-first heap   total 100352K, used 81281K [0x00000000a2600000, 0x0000000100000000)
  region size 1024K, 45 young (46080K), 5 survivors (5120K)
 Metaspace       used 78328K, committed 79040K, reserved 1179648K
  class space    used 10730K, committed 11072K, reserved 1048576K
}
Event: 10.417 GC heap after
{Heap after GC invocations=18 (full 0):
 garbage-first heap   total 100352K, used 43501K [0x00000000a2600000, 0x0000000100000000)
  region size 1024K, 6 young (6144K), 6 survivors (6144K)
 Metaspace       used 78328K, committed 79040K, reserved 1179648K
  class space    used 10730K, committed 11072K, reserved 1048576K
}
Event: 250.098 GC heap before
{Heap before GC invocations=18 (full 0):
 garbage-first heap   total 100352K, used 79341K [0x00000000a2600000, 0x0000000100000000)
  region size 1024K, 42 young (43008K), 6 survivors (6144K)
 Metaspace       used 84584K, committed 85184K, reserved 1179648K
  class space    used 11626K, committed 11904K, reserved 1048576K
}
Event: 250.149 GC heap after
{Heap after GC invocations=19 (full 0):
 garbage-first heap   total 120832K, used 46492K [0x00000000a2600000, 0x0000000100000000)
  region size 1024K, 4 young (4096K), 4 survivors (4096K)
 Metaspace       used 84584K, committed 85184K, reserved 1179648K
  class space    used 11626K, committed 11904K, reserved 1048576K
}
Event: 629.280 GC heap before
{Heap before GC invocations=19 (full 0):
 garbage-first heap   total 120832K, used 96668K [0x00000000a2600000, 0x0000000100000000)
  region size 1024K, 53 young (54272K), 4 survivors (4096K)
 Metaspace       used 89963K, committed 90880K, reserved 1179648K
  class space    used 12242K, committed 12672K, reserved 1048576K
}
Event: 629.334 GC heap after
{Heap after GC invocations=20 (full 0):
 garbage-first heap   total 120832K, used 49782K [0x00000000a2600000, 0x0000000100000000)
  region size 1024K, 7 young (7168K), 7 survivors (7168K)
 Metaspace       used 89963K, committed 90880K, reserved 1179648K
  class space    used 12242K, committed 12672K, reserved 1048576K
}
Event: 629.492 GC heap before
{Heap before GC invocations=20 (full 0):
 garbage-first heap   total 120832K, used 96886K [0x00000000a2600000, 0x0000000100000000)
  region size 1024K, 53 young (54272K), 7 survivors (7168K)
 Metaspace       used 89996K, committed 90880K, reserved 1179648K
  class space    used 12246K, committed 12672K, reserved 1048576K
}
Event: 629.509 GC heap after
{Heap after GC invocations=21 (full 0):
 garbage-first heap   total 120832K, used 50116K [0x00000000a2600000, 0x0000000100000000)
  region size 1024K, 4 young (4096K), 4 survivors (4096K)
 Metaspace       used 89996K, committed 90880K, reserved 1179648K
  class space    used 12246K, committed 12672K, reserved 1048576K
}
Event: 629.555 GC heap before
{Heap before GC invocations=21 (full 0):
 garbage-first heap   total 120832K, used 99268K [0x00000000a2600000, 0x0000000100000000)
  region size 1024K, 52 young (53248K), 4 survivors (4096K)
 Metaspace       used 89996K, committed 90880K, reserved 1179648K
  class space    used 12246K, committed 12672K, reserved 1048576K
}
Event: 629.560 GC heap after
{Heap after GC invocations=22 (full 0):
 garbage-first heap   total 120832K, used 49897K [0x00000000a2600000, 0x0000000100000000)
  region size 1024K, 4 young (4096K), 4 survivors (4096K)
 Metaspace       used 89996K, committed 90880K, reserved 1179648K
  class space    used 12246K, committed 12672K, reserved 1048576K
}
Event: 629.608 GC heap before
{Heap before GC invocations=22 (full 0):
 garbage-first heap   total 120832K, used 100073K [0x00000000a2600000, 0x0000000100000000)
  region size 1024K, 53 young (54272K), 4 survivors (4096K)
 Metaspace       used 89996K, committed 90880K, reserved 1179648K
  class space    used 12246K, committed 12672K, reserved 1048576K
}
Event: 629.615 GC heap after
{Heap after GC invocations=23 (full 0):
 garbage-first heap   total 120832K, used 49989K [0x00000000a2600000, 0x0000000100000000)
  region size 1024K, 4 young (4096K), 4 survivors (4096K)
 Metaspace       used 89996K, committed 90880K, reserved 1179648K
  class space    used 12246K, committed 12672K, reserved 1048576K
}
Event: 629.669 GC heap before
{Heap before GC invocations=23 (full 0):
 garbage-first heap   total 120832K, used 101189K [0x00000000a2600000, 0x0000000100000000)
  region size 1024K, 54 young (55296K), 4 survivors (4096K)
 Metaspace       used 89996K, committed 90880K, reserved 1179648K
  class space    used 12246K, committed 12672K, reserved 1048576K
}
Event: 629.677 GC heap after
{Heap after GC invocations=24 (full 0):
 garbage-first heap   total 120832K, used 49869K [0x00000000a2600000, 0x0000000100000000)
  region size 1024K, 4 young (4096K), 4 survivors (4096K)
 Metaspace       used 89996K, committed 90880K, reserved 1179648K
  class space    used 12246K, committed 12672K, reserved 1048576K
}
Event: 629.740 GC heap before
{Heap before GC invocations=24 (full 0):
 garbage-first heap   total 120832K, used 103117K [0x00000000a2600000, 0x0000000100000000)
  region size 1024K, 56 young (57344K), 4 survivors (4096K)
 Metaspace       used 89996K, committed 90880K, reserved 1179648K
  class space    used 12246K, committed 12672K, reserved 1048576K
}

