# JRE version: Java(TM) SE Runtime Environment (17.0.12+8) (build 17.0.12+8-LTS-286)
# Java VM: Java HotSpot(TM) 64-Bit Server VM (17.0.12+8-LTS-286, mixed mode, sharing, tiered, compressed oops, compressed class ptrs, g1 gc, windows-amd64)
GC Precious Log:
 CPUs: 12 total, 12 available
 Memory: 5989M
 Large Page Support: Disabled
 NUMA Support: Disabled
 Compressed Oops: Enabled (32-bit)
 Heap Region Size: 1M
 Heap Min Capacity: 8M
 Heap Initial Capacity: 94M
 Heap Max Capacity: 1498M
 Pre-touch: Disabled
 Parallel Workers: 10
 Concurrent Workers: 3
 Concurrent Refinement Workers: 10
 Periodic GC: Disabled
Heap:
 garbage-first heap   total 219136K, used 82418K [0x00000000a2600000, 0x0000000100000000)
  region size 1024K, 18 young (18432K), 4 survivors (4096K)
 Metaspace       used 99190K, committed 100032K, reserved 1179648K
  class space    used 13209K, committed 13632K, reserved 1048576K
GC Heap History (20 events):
Event: 21.965 GC heap before
{Heap before GC invocations=22 (full 0):
 garbage-first heap   total 109568K, used 55089K [0x00000000a2600000, 0x0000000100000000)
  region size 1024K, 6 young (6144K), 5 survivors (5120K)
 Metaspace       used 81231K, committed 81856K, reserved 1179648K
  class space    used 11029K, committed 11328K, reserved 1048576K
}
Event: 21.971 GC heap after
{Heap after GC invocations=23 (full 0):
 garbage-first heap   total 109568K, used 52690K [0x00000000a2600000, 0x0000000100000000)
  region size 1024K, 1 young (1024K), 1 survivors (1024K)
 Metaspace       used 81231K, committed 81856K, reserved 1179648K
  class space    used 11029K, committed 11328K, reserved 1048576K
}
Event: 22.067 GC heap before
{Heap before GC invocations=23 (full 0):
 garbage-first heap   total 109568K, used 88530K [0x00000000a2600000, 0x0000000100000000)
  region size 1024K, 36 young (36864K), 1 survivors (1024K)
 Metaspace       used 81296K, committed 81920K, reserved 1179648K
  class space    used 11037K, committed 11328K, reserved 1048576K
}
Event: 22.073 GC heap after
{Heap after GC invocations=24 (full 0):
 garbage-first heap   total 219136K, used 56768K [0x00000000a2600000, 0x0000000100000000)
  region size 1024K, 5 young (5120K), 5 survivors (5120K)
 Metaspace       used 81296K, committed 81920K, reserved 1179648K
  class space    used 11037K, committed 11328K, reserved 1048576K
}
Event: 22.566 GC heap before
{Heap before GC invocations=25 (full 0):
 garbage-first heap   total 219136K, used 177600K [0x00000000a2600000, 0x0000000100000000)
  region size 1024K, 123 young (125952K), 5 survivors (5120K)
 Metaspace       used 81727K, committed 82368K, reserved 1179648K
  class space    used 11077K, committed 11392K, reserved 1048576K
}
Event: 22.570 GC heap after
{Heap after GC invocations=26 (full 0):
 garbage-first heap   total 219136K, used 54751K [0x00000000a2600000, 0x0000000100000000)
  region size 1024K, 3 young (3072K), 3 survivors (3072K)
 Metaspace       used 81727K, committed 82368K, reserved 1179648K
  class space    used 11077K, committed 11392K, reserved 1048576K
}
Event: 22.593 GC heap before
{Heap before GC invocations=26 (full 0):
 garbage-first heap   total 219136K, used 61919K [0x00000000a2600000, 0x0000000100000000)
  region size 1024K, 10 young (10240K), 3 survivors (3072K)
 Metaspace       used 81728K, committed 82368K, reserved 1179648K
  class space    used 11077K, committed 11392K, reserved 1048576K
}
Event: 22.597 GC heap after
{Heap after GC invocations=27 (full 0):
 garbage-first heap   total 219136K, used 55244K [0x00000000a2600000, 0x0000000100000000)
  region size 1024K, 1 young (1024K), 1 survivors (1024K)
 Metaspace       used 81728K, committed 82368K, reserved 1179648K
  class space    used 11077K, committed 11392K, reserved 1048576K
}
Event: 23.738 GC heap before
{Heap before GC invocations=27 (full 0):
 garbage-first heap   total 219136K, used 181196K [0x00000000a2600000, 0x0000000100000000)
  region size 1024K, 124 young (126976K), 1 survivors (1024K)
 Metaspace       used 82893K, committed 83520K, reserved 1179648K
  class space    used 11172K, committed 11456K, reserved 1048576K
}
Event: 23.748 GC heap after
{Heap after GC invocations=28 (full 0):
 garbage-first heap   total 219136K, used 61632K [0x00000000a2600000, 0x0000000100000000)
  region size 1024K, 8 young (8192K), 8 survivors (8192K)
 Metaspace       used 82893K, committed 83520K, reserved 1179648K
  class space    used 11172K, committed 11456K, reserved 1048576K
}
Event: 24.406 GC heap before
{Heap before GC invocations=28 (full 0):
 garbage-first heap   total 219136K, used 178368K [0x00000000a2600000, 0x0000000100000000)
  region size 1024K, 122 young (124928K), 8 survivors (8192K)
 Metaspace       used 83621K, committed 84224K, reserved 1179648K
  class space    used 11227K, committed 11520K, reserved 1048576K
}
Event: 24.411 GC heap after
{Heap after GC invocations=29 (full 0):
 garbage-first heap   total 219136K, used 59469K [0x00000000a2600000, 0x0000000100000000)
  region size 1024K, 5 young (5120K), 5 survivors (5120K)
 Metaspace       used 83621K, committed 84224K, reserved 1179648K
  class space    used 11227K, committed 11520K, reserved 1048576K
}
Event: 79.531 GC heap before
{Heap before GC invocations=29 (full 0):
 garbage-first heap   total 219136K, used 182349K [0x00000000a2600000, 0x0000000100000000)
  region size 1024K, 125 young (128000K), 5 survivors (5120K)
 Metaspace       used 94568K, committed 95232K, reserved 1179648K
  class space    used 12691K, committed 12992K, reserved 1048576K
}
Event: 79.650 GC heap after
{Heap after GC invocations=30 (full 0):
 garbage-first heap   total 219136K, used 66039K [0x00000000a2600000, 0x0000000100000000)
  region size 1024K, 12 young (12288K), 12 survivors (12288K)
 Metaspace       used 94568K, committed 95232K, reserved 1179648K
  class space    used 12691K, committed 12992K, reserved 1048576K
}
Event: 81.320 GC heap before
{Heap before GC invocations=30 (full 0):
 garbage-first heap   total 219136K, used 178679K [0x00000000a2600000, 0x0000000100000000)
  region size 1024K, 123 young (125952K), 12 survivors (12288K)
 Metaspace       used 98011K, committed 98816K, reserved 1179648K
  class space    used 13127K, committed 13504K, reserved 1048576K
}
Event: 81.354 GC heap after
{Heap after GC invocations=31 (full 0):
 garbage-first heap   total 219136K, used 68999K [0x00000000a2600000, 0x0000000100000000)
  region size 1024K, 11 young (11264K), 11 survivors (11264K)
 Metaspace       used 98011K, committed 98816K, reserved 1179648K
  class space    used 13127K, committed 13504K, reserved 1048576K
}
Event: 81.518 GC heap before
{Heap before GC invocations=31 (full 0):
 garbage-first heap   total 219136K, used 180615K [0x00000000a2600000, 0x0000000100000000)
  region size 1024K, 120 young (122880K), 11 survivors (11264K)
 Metaspace       used 98135K, committed 98880K, reserved 1179648K
  class space    used 13143K, committed 13504K, reserved 1048576K
}
Event: 81.539 GC heap after
{Heap after GC invocations=32 (full 0):
 garbage-first heap   total 219136K, used 69608K [0x00000000a2600000, 0x0000000100000000)
  region size 1024K, 4 young (4096K), 4 survivors (4096K)
 Metaspace       used 98135K, committed 98880K, reserved 1179648K
  class space    used 13143K, committed 13504K, reserved 1048576K
}
Event: 82.104 GC heap before
{Heap before GC invocations=32 (full 0):
 garbage-first heap   total 219136K, used 183272K [0x00000000a2600000, 0x0000000100000000)
  region size 1024K, 115 young (117760K), 4 survivors (4096K)
 Metaspace       used 98544K, committed 99328K, reserved 1179648K
  class space    used 13167K, committed 13568K, reserved 1048576K
}
Event: 82.108 GC heap after
{Heap after GC invocations=33 (full 0):
 garbage-first heap   total 219136K, used 69106K [0x00000000a2600000, 0x0000000100000000)
  region size 1024K, 4 young (4096K), 4 survivors (4096K)
 Metaspace       used 98544K, committed 99328K, reserved 1179648K
  class space    used 13167K, committed 13568K, reserved 1048576K
}

