# JRE version: Java(TM) SE Runtime Environment (17.0.12+8) (build 17.0.12+8-LTS-286)
# Java VM: Java HotSpot(TM) 64-Bit Server VM (17.0.12+8-LTS-286, mixed mode, sharing, tiered, compressed oops, compressed class ptrs, g1 gc, windows-amd64)
GC Precious Log:
 CPUs: 12 total, 12 available
 Memory: 5989M
 Large Page Support: Disabled
 NUMA Support: Disabled
 Compressed Oops: Enabled (32-bit)
 Heap Region Size: 1M
 Heap Min Capacity: 8M
 Heap Initial Capacity: 94M
 Heap Max Capacity: 1498M
 Pre-touch: Disabled
 Parallel Workers: 10
 Concurrent Workers: 3
 Concurrent Refinement Workers: 10
 Periodic GC: Disabled
Heap:
 garbage-first heap   total 100352K, used 77330K [0x00000000a2600000, 0x0000000100000000)
  region size 1024K, 41 young (41984K), 6 survivors (6144K)
 Metaspace       used 83983K, committed 84608K, reserved 1179648K
  class space    used 11513K, committed 11776K, reserved 1048576K
GC Heap History (20 events):
Event: 5.118 GC heap before
{Heap before GC invocations=7 (full 0):
 garbage-first heap   total 82944K, used 48497K [0x00000000a2600000, 0x0000000100000000)
  region size 1024K, 28 young (28672K), 3 survivors (3072K)
 Metaspace       used 35592K, committed 35968K, reserved 1114112K
  class space    used 4630K, committed 4800K, reserved 1048576K
}
Event: 5.128 GC heap after
{Heap after GC invocations=8 (full 0):
 garbage-first heap   total 82944K, used 25353K [0x00000000a2600000, 0x0000000100000000)
  region size 1024K, 2 young (2048K), 2 survivors (2048K)
 Metaspace       used 35592K, committed 35968K, reserved 1114112K
  class space    used 4630K, committed 4800K, reserved 1048576K
}
Event: 6.389 GC heap before
{Heap before GC invocations=9 (full 0):
 garbage-first heap   total 82944K, used 61193K [0x00000000a2600000, 0x0000000100000000)
  region size 1024K, 37 young (37888K), 2 survivors (2048K)
 Metaspace       used 47226K, committed 47744K, reserved 1114112K
  class space    used 6260K, committed 6528K, reserved 1048576K
}
Event: 6.396 GC heap after
{Heap after GC invocations=10 (full 0):
 garbage-first heap   total 82944K, used 28404K [0x00000000a2600000, 0x0000000100000000)
  region size 1024K, 5 young (5120K), 5 survivors (5120K)
 Metaspace       used 47226K, committed 47744K, reserved 1114112K
  class space    used 6260K, committed 6528K, reserved 1048576K
}
Event: 7.042 GC heap before
{Heap before GC invocations=10 (full 0):
 garbage-first heap   total 82944K, used 62196K [0x00000000a2600000, 0x0000000100000000)
  region size 1024K, 38 young (38912K), 5 survivors (5120K)
 Metaspace       used 52291K, committed 52800K, reserved 1114112K
  class space    used 6865K, committed 7104K, reserved 1048576K
}
Event: 7.052 GC heap after
{Heap after GC invocations=11 (full 0):
 garbage-first heap   total 82944K, used 30907K [0x00000000a2600000, 0x0000000100000000)
  region size 1024K, 3 young (3072K), 3 survivors (3072K)
 Metaspace       used 52291K, committed 52800K, reserved 1114112K
  class space    used 6865K, committed 7104K, reserved 1048576K
}
Event: 7.693 GC heap before
{Heap before GC invocations=11 (full 0):
 garbage-first heap   total 82944K, used 62651K [0x00000000a2600000, 0x0000000100000000)
  region size 1024K, 35 young (35840K), 3 survivors (3072K)
 Metaspace       used 59089K, committed 59584K, reserved 1114112K
  class space    used 7950K, committed 8192K, reserved 1048576K
}
Event: 7.703 GC heap after
{Heap after GC invocations=12 (full 0):
 garbage-first heap   total 82944K, used 31743K [0x00000000a2600000, 0x0000000100000000)
  region size 1024K, 4 young (4096K), 4 survivors (4096K)
 Metaspace       used 59089K, committed 59584K, reserved 1114112K
  class space    used 7950K, committed 8192K, reserved 1048576K
}
Event: 7.960 GC heap before
{Heap before GC invocations=12 (full 0):
 garbage-first heap   total 82944K, used 59391K [0x00000000a2600000, 0x0000000100000000)
  region size 1024K, 32 young (32768K), 4 survivors (4096K)
 Metaspace       used 59779K, committed 60288K, reserved 1114112K
  class space    used 7997K, committed 8256K, reserved 1048576K
}
Event: 7.965 GC heap after
{Heap after GC invocations=13 (full 0):
 garbage-first heap   total 82944K, used 32204K [0x00000000a2600000, 0x0000000100000000)
  region size 1024K, 2 young (2048K), 2 survivors (2048K)
 Metaspace       used 59779K, committed 60288K, reserved 1114112K
  class space    used 7997K, committed 8256K, reserved 1048576K
}
Event: 9.129 GC heap before
{Heap before GC invocations=14 (full 0):
 garbage-first heap   total 82944K, used 63948K [0x00000000a2600000, 0x0000000100000000)
  region size 1024K, 34 young (34816K), 2 survivors (2048K)
 Metaspace       used 65213K, committed 65728K, reserved 1114112K
  class space    used 8732K, committed 8960K, reserved 1048576K
}
Event: 9.137 GC heap after
{Heap after GC invocations=15 (full 0):
 garbage-first heap   total 82944K, used 34390K [0x00000000a2600000, 0x0000000100000000)
  region size 1024K, 4 young (4096K), 4 survivors (4096K)
 Metaspace       used 65213K, committed 65728K, reserved 1114112K
  class space    used 8732K, committed 8960K, reserved 1048576K
}
Event: 9.801 GC heap before
{Heap before GC invocations=15 (full 0):
 garbage-first heap   total 82944K, used 65110K [0x00000000a2600000, 0x0000000100000000)
  region size 1024K, 34 young (34816K), 4 survivors (4096K)
 Metaspace       used 69128K, committed 69696K, reserved 1114112K
  class space    used 9412K, committed 9664K, reserved 1048576K
}
Event: 9.812 GC heap after
{Heap after GC invocations=16 (full 0):
 garbage-first heap   total 82944K, used 36898K [0x00000000a2600000, 0x0000000100000000)
  region size 1024K, 5 young (5120K), 5 survivors (5120K)
 Metaspace       used 69128K, committed 69696K, reserved 1114112K
  class space    used 9412K, committed 9664K, reserved 1048576K
}
Event: 10.069 GC heap before
{Heap before GC invocations=16 (full 0):
 garbage-first heap   total 82944K, used 65570K [0x00000000a2600000, 0x0000000100000000)
  region size 1024K, 33 young (33792K), 5 survivors (5120K)
 Metaspace       used 70938K, committed 71488K, reserved 1114112K
  class space    used 9795K, committed 10048K, reserved 1048576K
}
Event: 10.081 GC heap after
{Heap after GC invocations=17 (full 0):
 garbage-first heap   total 100352K, used 38065K [0x00000000a2600000, 0x0000000100000000)
  region size 1024K, 4 young (4096K), 4 survivors (4096K)
 Metaspace       used 70938K, committed 71488K, reserved 1114112K
  class space    used 9795K, committed 10048K, reserved 1048576K
}
Event: 10.793 GC heap before
{Heap before GC invocations=17 (full 0):
 garbage-first heap   total 100352K, used 80049K [0x00000000a2600000, 0x0000000100000000)
  region size 1024K, 46 young (47104K), 4 survivors (4096K)
 Metaspace       used 75019K, committed 75712K, reserved 1179648K
  class space    used 10349K, committed 10688K, reserved 1048576K
}
Event: 10.799 GC heap after
{Heap after GC invocations=18 (full 0):
 garbage-first heap   total 100352K, used 40422K [0x00000000a2600000, 0x0000000100000000)
  region size 1024K, 4 young (4096K), 4 survivors (4096K)
 Metaspace       used 75019K, committed 75712K, reserved 1179648K
  class space    used 10349K, committed 10688K, reserved 1048576K
}
Event: 11.642 GC heap before
{Heap before GC invocations=18 (full 0):
 garbage-first heap   total 100352K, used 81382K [0x00000000a2600000, 0x0000000100000000)
  region size 1024K, 44 young (45056K), 4 survivors (4096K)
 Metaspace       used 78143K, committed 78848K, reserved 1179648K
  class space    used 10692K, committed 11008K, reserved 1048576K
}
Event: 11.647 GC heap after
{Heap after GC invocations=19 (full 0):
 garbage-first heap   total 100352K, used 43538K [0x00000000a2600000, 0x0000000100000000)
  region size 1024K, 6 young (6144K), 6 survivors (6144K)
 Metaspace       used 78143K, committed 78848K, reserved 1179648K
  class space    used 10692K, committed 11008K, reserved 1048576K
}

