# JRE version: Java(TM) SE Runtime Environment (17.0.12+8) (build 17.0.12+8-LTS-286)
# Java VM: Java HotSpot(TM) 64-Bit Server VM (17.0.12+8-LTS-286, mixed mode, sharing, tiered, compressed oops, compressed class ptrs, g1 gc, windows-amd64)
GC Precious Log:
 CPUs: 12 total, 12 available
 Memory: 5989M
 Large Page Support: Disabled
 NUMA Support: Disabled
 Compressed Oops: Enabled (32-bit)
 Heap Region Size: 1M
 Heap Min Capacity: 8M
 Heap Initial Capacity: 94M
 Heap Max Capacity: 1498M
 Pre-touch: Disabled
 Parallel Workers: 10
 Concurrent Workers: 3
 Concurrent Refinement Workers: 10
 Periodic GC: Disabled
Heap:
 garbage-first heap   total 541696K, used 295391K [0x00000000a2600000, 0x0000000100000000)
  region size 1024K, 187 young (191488K), 6 survivors (6144K)
 Metaspace       used 98865K, committed 99648K, reserved 1179648K
  class space    used 13160K, committed 13568K, reserved 1048576K
GC Heap History (20 events):
Event: 15.550 GC heap before
{Heap before GC invocations=23 (full 0):
 garbage-first heap   total 132096K, used 105238K [0x00000000a2600000, 0x0000000100000000)
  region size 1024K, 51 young (52224K), 6 survivors (6144K)
 Metaspace       used 82732K, committed 83328K, reserved 1179648K
  class space    used 11142K, committed 11456K, reserved 1048576K
}
Event: 15.568 GC heap after
{Heap after GC invocations=24 (full 0):
 garbage-first heap   total 132096K, used 73612K [0x00000000a2600000, 0x0000000100000000)
  region size 1024K, 7 young (7168K), 7 survivors (7168K)
 Metaspace       used 82732K, committed 83328K, reserved 1179648K
  class space    used 11142K, committed 11456K, reserved 1048576K
}
Event: 15.637 GC heap before
{Heap before GC invocations=24 (full 0):
 garbage-first heap   total 132096K, used 100236K [0x00000000a2600000, 0x0000000100000000)
  region size 1024K, 33 young (33792K), 7 survivors (7168K)
 Metaspace       used 82769K, committed 83456K, reserved 1179648K
  class space    used 11146K, committed 11520K, reserved 1048576K
}
Event: 15.643 GC heap after
{Heap after GC invocations=25 (full 0):
 garbage-first heap   total 132096K, used 75820K [0x00000000a2600000, 0x0000000100000000)
  region size 1024K, 2 young (2048K), 2 survivors (2048K)
 Metaspace       used 82769K, committed 83456K, reserved 1179648K
  class space    used 11146K, committed 11520K, reserved 1048576K
}
Event: 15.687 GC heap before
{Heap before GC invocations=25 (full 0):
 garbage-first heap   total 132096K, used 102444K [0x00000000a2600000, 0x0000000100000000)
  region size 1024K, 28 young (28672K), 2 survivors (2048K)
 Metaspace       used 82771K, committed 83456K, reserved 1179648K
  class space    used 11146K, committed 11520K, reserved 1048576K
}
Event: 15.690 GC heap after
{Heap after GC invocations=26 (full 0):
 garbage-first heap   total 132096K, used 75563K [0x00000000a2600000, 0x0000000100000000)
  region size 1024K, 2 young (2048K), 2 survivors (2048K)
 Metaspace       used 82771K, committed 83456K, reserved 1179648K
  class space    used 11146K, committed 11520K, reserved 1048576K
}
Event: 15.808 GC heap before
{Heap before GC invocations=27 (full 0):
 garbage-first heap   total 132096K, used 104235K [0x00000000a2600000, 0x0000000100000000)
  region size 1024K, 30 young (30720K), 2 survivors (2048K)
 Metaspace       used 82935K, committed 83648K, reserved 1179648K
  class space    used 11168K, committed 11520K, reserved 1048576K
}
Event: 15.811 GC heap after
{Heap after GC invocations=28 (full 0):
 garbage-first heap   total 132096K, used 77376K [0x00000000a2600000, 0x0000000100000000)
  region size 1024K, 3 young (3072K), 3 survivors (3072K)
 Metaspace       used 82935K, committed 83648K, reserved 1179648K
  class space    used 11168K, committed 11520K, reserved 1048576K
}
Event: 15.816 GC heap before
{Heap before GC invocations=28 (full 0):
 garbage-first heap   total 132096K, used 80448K [0x00000000a2600000, 0x0000000100000000)
  region size 1024K, 6 young (6144K), 3 survivors (3072K)
 Metaspace       used 82935K, committed 83648K, reserved 1179648K
  class space    used 11168K, committed 11520K, reserved 1048576K
}
Event: 15.821 GC heap after
{Heap after GC invocations=29 (full 0):
 garbage-first heap   total 245760K, used 78058K [0x00000000a2600000, 0x0000000100000000)
  region size 1024K, 1 young (1024K), 1 survivors (1024K)
 Metaspace       used 82935K, committed 83648K, reserved 1179648K
  class space    used 11168K, committed 11520K, reserved 1048576K
}
Event: 16.346 GC heap before
{Heap before GC invocations=29 (full 0):
 garbage-first heap   total 245760K, used 187626K [0x00000000a2600000, 0x0000000100000000)
  region size 1024K, 108 young (110592K), 1 survivors (1024K)
 Metaspace       used 83835K, committed 84480K, reserved 1179648K
  class space    used 11258K, committed 11584K, reserved 1048576K
}
Event: 16.354 GC heap after
{Heap after GC invocations=30 (full 0):
 garbage-first heap   total 245760K, used 84337K [0x00000000a2600000, 0x0000000100000000)
  region size 1024K, 8 young (8192K), 8 survivors (8192K)
 Metaspace       used 83835K, committed 84480K, reserved 1179648K
  class space    used 11258K, committed 11584K, reserved 1048576K
}
Event: 16.510 GC heap before
{Heap before GC invocations=30 (full 0):
 garbage-first heap   total 245760K, used 192881K [0x00000000a2600000, 0x0000000100000000)
  region size 1024K, 114 young (116736K), 8 survivors (8192K)
 Metaspace       used 83857K, committed 84480K, reserved 1179648K
  class space    used 11259K, committed 11584K, reserved 1048576K
}
Event: 16.515 GC heap after
{Heap after GC invocations=31 (full 0):
 garbage-first heap   total 245760K, used 83735K [0x00000000a2600000, 0x0000000100000000)
  region size 1024K, 7 young (7168K), 7 survivors (7168K)
 Metaspace       used 83857K, committed 84480K, reserved 1179648K
  class space    used 11259K, committed 11584K, reserved 1048576K
}
Event: 16.671 GC heap before
{Heap before GC invocations=31 (full 0):
 garbage-first heap   total 245760K, used 196375K [0x00000000a2600000, 0x0000000100000000)
  region size 1024K, 117 young (119808K), 7 survivors (7168K)
 Metaspace       used 83873K, committed 84544K, reserved 1179648K
  class space    used 11262K, committed 11584K, reserved 1048576K
}
Event: 16.678 GC heap after
{Heap after GC invocations=32 (full 0):
 garbage-first heap   total 245760K, used 85970K [0x00000000a2600000, 0x0000000100000000)
  region size 1024K, 9 young (9216K), 9 survivors (9216K)
 Metaspace       used 83873K, committed 84544K, reserved 1179648K
  class space    used 11262K, committed 11584K, reserved 1048576K
}
Event: 16.862 GC heap before
{Heap before GC invocations=32 (full 0):
 garbage-first heap   total 245760K, used 204754K [0x00000000a2600000, 0x0000000100000000)
  region size 1024K, 124 young (126976K), 9 survivors (9216K)
 Metaspace       used 84071K, committed 84736K, reserved 1179648K
  class space    used 11351K, committed 11712K, reserved 1048576K
}
Event: 16.888 GC heap after
{Heap after GC invocations=33 (full 0):
 garbage-first heap   total 245760K, used 104607K [0x00000000a2600000, 0x0000000100000000)
  region size 1024K, 16 young (16384K), 16 survivors (16384K)
 Metaspace       used 84071K, committed 84736K, reserved 1179648K
  class space    used 11351K, committed 11712K, reserved 1048576K
}
Event: 17.191 GC heap before
{Heap before GC invocations=33 (full 0):
 garbage-first heap   total 245760K, used 189599K [0x00000000a2600000, 0x0000000100000000)
  region size 1024K, 99 young (101376K), 16 survivors (16384K)
 Metaspace       used 84734K, committed 85440K, reserved 1179648K
  class space    used 11390K, committed 11776K, reserved 1048576K
}
Event: 17.210 GC heap after
{Heap after GC invocations=34 (full 0):
 garbage-first heap   total 541696K, used 111071K [0x00000000a2600000, 0x0000000100000000)
  region size 1024K, 6 young (6144K), 6 survivors (6144K)
 Metaspace       used 84734K, committed 85440K, reserved 1179648K
  class space    used 11390K, committed 11776K, reserved 1048576K
}

