# JRE version: Java(TM) SE Runtime Environment (17.0.12+8) (build 17.0.12+8-LTS-286)
# Java VM: Java HotSpot(TM) 64-Bit Server VM (17.0.12+8-LTS-286, mixed mode, sharing, tiered, compressed oops, compressed class ptrs, g1 gc, windows-amd64)
GC Precious Log:
 CPUs: 12 total, 12 available
 Memory: 5989M
 Large Page Support: Disabled
 NUMA Support: Disabled
 Compressed Oops: Enabled (32-bit)
 Heap Region Size: 1M
 Heap Min Capacity: 8M
 Heap Initial Capacity: 94M
 Heap Max Capacity: 1498M
 Pre-touch: Disabled
 Parallel Workers: 10
 Concurrent Workers: 3
 Concurrent Refinement Workers: 10
 Periodic GC: Disabled
Heap:
 garbage-first heap   total 499712K, used 271394K [0x00000000a2600000, 0x0000000100000000)
  region size 1024K, 159 young (162816K), 10 survivors (10240K)
 Metaspace       used 110968K, committed 112320K, reserved 1179648K
  class space    used 14267K, committed 14976K, reserved 1048576K
GC Heap History (20 events):
Event: 21.429 GC heap before
{Heap before GC invocations=37 (full 0):
 garbage-first heap   total 455680K, used 314949K [0x00000000a2600000, 0x0000000100000000)
  region size 1024K, 212 young (217088K), 3 survivors (3072K)
 Metaspace       used 91919K, committed 92608K, reserved 1179648K
  class space    used 12298K, committed 12608K, reserved 1048576K
}
Event: 21.448 GC heap after
{Heap after GC invocations=38 (full 0):
 garbage-first heap   total 455680K, used 109894K [0x00000000a2600000, 0x0000000100000000)
  region size 1024K, 12 young (12288K), 12 survivors (12288K)
 Metaspace       used 91919K, committed 92608K, reserved 1179648K
  class space    used 12298K, committed 12608K, reserved 1048576K
}
Event: 252.215 GC heap before
{Heap before GC invocations=38 (full 0):
 garbage-first heap   total 455680K, used 362822K [0x00000000a2600000, 0x0000000100000000)
  region size 1024K, 259 young (265216K), 12 survivors (12288K)
 Metaspace       used 102840K, committed 103872K, reserved 1179648K
  class space    used 13493K, committed 14016K, reserved 1048576K
}
Event: 252.281 GC heap after
{Heap after GC invocations=39 (full 0):
 garbage-first heap   total 455680K, used 116081K [0x00000000a2600000, 0x0000000100000000)
  region size 1024K, 18 young (18432K), 18 survivors (18432K)
 Metaspace       used 102840K, committed 103872K, reserved 1179648K
  class space    used 13493K, committed 14016K, reserved 1048576K
}
Event: 284.399 GC heap before
{Heap before GC invocations=39 (full 0):
 garbage-first heap   total 455680K, used 365937K [0x00000000a2600000, 0x0000000100000000)
  region size 1024K, 262 young (268288K), 18 survivors (18432K)
 Metaspace       used 103702K, committed 104896K, reserved 1179648K
  class space    used 13553K, committed 14144K, reserved 1048576K
}
Event: 284.416 GC heap after
{Heap after GC invocations=40 (full 0):
 garbage-first heap   total 455680K, used 116053K [0x00000000a2600000, 0x0000000100000000)
  region size 1024K, 17 young (17408K), 17 survivors (17408K)
 Metaspace       used 103702K, committed 104896K, reserved 1179648K
  class space    used 13553K, committed 14144K, reserved 1048576K
}
Event: 304.166 GC heap before
{Heap before GC invocations=40 (full 0):
 garbage-first heap   total 455680K, used 372053K [0x00000000a2600000, 0x0000000100000000)
  region size 1024K, 267 young (273408K), 17 survivors (17408K)
 Metaspace       used 104125K, committed 105280K, reserved 1179648K
  class space    used 13578K, committed 14144K, reserved 1048576K
}
Event: 304.187 GC heap after
{Heap after GC invocations=41 (full 0):
 garbage-first heap   total 455680K, used 116506K [0x00000000a2600000, 0x0000000100000000)
  region size 1024K, 18 young (18432K), 18 survivors (18432K)
 Metaspace       used 104125K, committed 105280K, reserved 1179648K
  class space    used 13578K, committed 14144K, reserved 1048576K
}
Event: 805.629 GC heap before
{Heap before GC invocations=41 (full 0):
 garbage-first heap   total 455680K, used 370458K [0x00000000a2600000, 0x0000000100000000)
  region size 1024K, 267 young (273408K), 18 survivors (18432K)
 Metaspace       used 109498K, committed 110784K, reserved 1179648K
  class space    used 14169K, committed 14848K, reserved 1048576K
}
Event: 805.789 GC heap after
{Heap after GC invocations=42 (full 0):
 garbage-first heap   total 455680K, used 120599K [0x00000000a2600000, 0x0000000100000000)
  region size 1024K, 22 young (22528K), 22 survivors (22528K)
 Metaspace       used 109498K, committed 110784K, reserved 1179648K
  class space    used 14169K, committed 14848K, reserved 1048576K
}
Event: 899.941 GC heap before
{Heap before GC invocations=42 (full 0):
 garbage-first heap   total 455680K, used 370455K [0x00000000a2600000, 0x0000000100000000)
  region size 1024K, 267 young (273408K), 22 survivors (22528K)
 Metaspace       used 109703K, committed 110976K, reserved 1179648K
  class space    used 14178K, committed 14848K, reserved 1048576K
}
Event: 900.011 GC heap after
{Heap after GC invocations=43 (full 0):
 garbage-first heap   total 455680K, used 120939K [0x00000000a2600000, 0x0000000100000000)
  region size 1024K, 11 young (11264K), 11 survivors (11264K)
 Metaspace       used 109703K, committed 110976K, reserved 1179648K
  class space    used 14178K, committed 14848K, reserved 1048576K
}
Event: 900.195 GC heap before
{Heap before GC invocations=43 (full 0):
 garbage-first heap   total 455680K, used 383083K [0x00000000a2600000, 0x0000000100000000)
  region size 1024K, 267 young (273408K), 11 survivors (11264K)
 Metaspace       used 109703K, committed 110976K, reserved 1179648K
  class space    used 14178K, committed 14848K, reserved 1048576K
}
Event: 900.205 GC heap after
{Heap after GC invocations=44 (full 0):
 garbage-first heap   total 455680K, used 119897K [0x00000000a2600000, 0x0000000100000000)
  region size 1024K, 10 young (10240K), 10 survivors (10240K)
 Metaspace       used 109703K, committed 110976K, reserved 1179648K
  class space    used 14178K, committed 14848K, reserved 1048576K
}
Event: 900.318 GC heap before
{Heap before GC invocations=44 (full 0):
 garbage-first heap   total 455680K, used 383065K [0x00000000a2600000, 0x0000000100000000)
  region size 1024K, 267 young (273408K), 10 survivors (10240K)
 Metaspace       used 109703K, committed 110976K, reserved 1179648K
  class space    used 14178K, committed 14848K, reserved 1048576K
}
Event: 900.327 GC heap after
{Heap after GC invocations=45 (full 0):
 garbage-first heap   total 455680K, used 119915K [0x00000000a2600000, 0x0000000100000000)
  region size 1024K, 10 young (10240K), 10 survivors (10240K)
 Metaspace       used 109703K, committed 110976K, reserved 1179648K
  class space    used 14178K, committed 14848K, reserved 1048576K
}
Event: 900.439 GC heap before
{Heap before GC invocations=45 (full 0):
 garbage-first heap   total 455680K, used 383083K [0x00000000a2600000, 0x0000000100000000)
  region size 1024K, 267 young (273408K), 10 survivors (10240K)
 Metaspace       used 109703K, committed 110976K, reserved 1179648K
  class space    used 14178K, committed 14848K, reserved 1048576K
}
Event: 900.449 GC heap after
{Heap after GC invocations=46 (full 0):
 garbage-first heap   total 455680K, used 119715K [0x00000000a2600000, 0x0000000100000000)
  region size 1024K, 10 young (10240K), 10 survivors (10240K)
 Metaspace       used 109703K, committed 110976K, reserved 1179648K
  class space    used 14178K, committed 14848K, reserved 1048576K
}
Event: 1075.580 GC heap before
{Heap before GC invocations=46 (full 0):
 garbage-first heap   total 455680K, used 381859K [0x00000000a2600000, 0x0000000100000000)
  region size 1024K, 267 young (273408K), 10 survivors (10240K)
 Metaspace       used 110576K, committed 111936K, reserved 1179648K
  class space    used 14258K, committed 14976K, reserved 1048576K
}
Event: 1075.638 GC heap after
{Heap after GC invocations=47 (full 0):
 garbage-first heap   total 499712K, used 119842K [0x00000000a2600000, 0x0000000100000000)
  region size 1024K, 10 young (10240K), 10 survivors (10240K)
 Metaspace       used 110576K, committed 111936K, reserved 1179648K
  class space    used 14258K, committed 14976K, reserved 1048576K
}

