# JRE version: Java(TM) SE Runtime Environment (17.0.12+8) (build 17.0.12+8-LTS-286)
# Java VM: Java HotSpot(TM) 64-Bit Server VM (17.0.12+8-LTS-286, mixed mode, sharing, tiered, compressed oops, compressed class ptrs, g1 gc, windows-amd64)
GC Precious Log:
 CPUs: 12 total, 12 available
 Memory: 5989M
 Large Page Support: Disabled
 NUMA Support: Disabled
 Compressed Oops: Enabled (32-bit)
 Heap Region Size: 1M
 Heap Min Capacity: 8M
 Heap Initial Capacity: 94M
 Heap Max Capacity: 1498M
 Pre-touch: Disabled
 Parallel Workers: 10
 Concurrent Workers: 3
 Concurrent Refinement Workers: 10
 Periodic GC: Disabled
Heap:
 garbage-first heap   total 303104K, used 193104K [0x00000000a2600000, 0x0000000100000000)
  region size 1024K, 84 young (86016K), 9 survivors (9216K)
 Metaspace       used 97753K, committed 98560K, reserved 1179648K
  class space    used 13061K, committed 13504K, reserved 1048576K
GC Heap History (20 events):
Event: 13.588 GC heap before
{Heap before GC invocations=21 (full 0):
 garbage-first heap   total 132096K, used 107542K [0x00000000a2600000, 0x0000000100000000)
  region size 1024K, 60 young (61440K), 4 survivors (4096K)
 Metaspace       used 82771K, committed 83456K, reserved 1179648K
  class space    used 11131K, committed 11456K, reserved 1048576K
}
Event: 13.597 GC heap after
{Heap after GC invocations=22 (full 0):
 garbage-first heap   total 132096K, used 56275K [0x00000000a2600000, 0x0000000100000000)
  region size 1024K, 8 young (8192K), 8 survivors (8192K)
 Metaspace       used 82771K, committed 83456K, reserved 1179648K
  class space    used 11131K, committed 11456K, reserved 1048576K
}
Event: 13.699 GC heap before
{Heap before GC invocations=22 (full 0):
 garbage-first heap   total 132096K, used 105427K [0x00000000a2600000, 0x0000000100000000)
  region size 1024K, 56 young (57344K), 8 survivors (8192K)
 Metaspace       used 82774K, committed 83456K, reserved 1179648K
  class space    used 11131K, committed 11456K, reserved 1048576K
}
Event: 13.719 GC heap after
{Heap after GC invocations=23 (full 0):
 garbage-first heap   total 132096K, used 71442K [0x00000000a2600000, 0x0000000100000000)
  region size 1024K, 7 young (7168K), 7 survivors (7168K)
 Metaspace       used 82774K, committed 83456K, reserved 1179648K
  class space    used 11131K, committed 11456K, reserved 1048576K
}
Event: 13.765 GC heap before
{Heap before GC invocations=23 (full 0):
 garbage-first heap   total 132096K, used 100114K [0x00000000a2600000, 0x0000000100000000)
  region size 1024K, 35 young (35840K), 7 survivors (7168K)
 Metaspace       used 82818K, committed 83520K, reserved 1179648K
  class space    used 11141K, committed 11456K, reserved 1048576K
}
Event: 13.774 GC heap after
{Heap after GC invocations=24 (full 0):
 garbage-first heap   total 132096K, used 76428K [0x00000000a2600000, 0x0000000100000000)
  region size 1024K, 4 young (4096K), 4 survivors (4096K)
 Metaspace       used 82818K, committed 83520K, reserved 1179648K
  class space    used 11141K, committed 11456K, reserved 1048576K
}
Event: 13.824 GC heap before
{Heap before GC invocations=24 (full 0):
 garbage-first heap   total 168960K, used 103052K [0x00000000a2600000, 0x0000000100000000)
  region size 1024K, 30 young (30720K), 4 survivors (4096K)
 Metaspace       used 82819K, committed 83520K, reserved 1179648K
  class space    used 11141K, committed 11456K, reserved 1048576K
}
Event: 13.828 GC heap after
{Heap after GC invocations=25 (full 0):
 garbage-first heap   total 303104K, used 76623K [0x00000000a2600000, 0x0000000100000000)
  region size 1024K, 1 young (1024K), 1 survivors (1024K)
 Metaspace       used 82819K, committed 83520K, reserved 1179648K
  class space    used 11141K, committed 11456K, reserved 1048576K
}
Event: 14.441 GC heap before
{Heap before GC invocations=26 (full 0):
 garbage-first heap   total 303104K, used 194383K [0x00000000a2600000, 0x0000000100000000)
  region size 1024K, 116 young (118784K), 1 survivors (1024K)
 Metaspace       used 83727K, committed 84416K, reserved 1179648K
  class space    used 11241K, committed 11584K, reserved 1048576K
}
Event: 14.447 GC heap after
{Heap after GC invocations=27 (full 0):
 garbage-first heap   total 303104K, used 79411K [0x00000000a2600000, 0x0000000100000000)
  region size 1024K, 4 young (4096K), 4 survivors (4096K)
 Metaspace       used 83727K, committed 84416K, reserved 1179648K
  class space    used 11241K, committed 11584K, reserved 1048576K
}
Event: 14.503 GC heap before
{Heap before GC invocations=27 (full 0):
 garbage-first heap   total 303104K, used 89651K [0x00000000a2600000, 0x0000000100000000)
  region size 1024K, 14 young (14336K), 4 survivors (4096K)
 Metaspace       used 83838K, committed 84480K, reserved 1179648K
  class space    used 11251K, committed 11584K, reserved 1048576K
}
Event: 14.509 GC heap after
{Heap after GC invocations=28 (full 0):
 garbage-first heap   total 303104K, used 82017K [0x00000000a2600000, 0x0000000100000000)
  region size 1024K, 2 young (2048K), 2 survivors (2048K)
 Metaspace       used 83838K, committed 84480K, reserved 1179648K
  class space    used 11251K, committed 11584K, reserved 1048576K
}
Event: 14.889 GC heap before
{Heap before GC invocations=28 (full 0):
 garbage-first heap   total 303104K, used 237665K [0x00000000a2600000, 0x0000000100000000)
  region size 1024K, 153 young (156672K), 2 survivors (2048K)
 Metaspace       used 83841K, committed 84480K, reserved 1179648K
  class space    used 11251K, committed 11584K, reserved 1048576K
}
Event: 14.910 GC heap after
{Heap after GC invocations=29 (full 0):
 garbage-first heap   total 303104K, used 102667K [0x00000000a2600000, 0x0000000100000000)
  region size 1024K, 20 young (20480K), 20 survivors (20480K)
 Metaspace       used 83841K, committed 84480K, reserved 1179648K
  class space    used 11251K, committed 11584K, reserved 1048576K
}
Event: 15.127 GC heap before
{Heap before GC invocations=29 (full 0):
 garbage-first heap   total 303104K, used 231691K [0x00000000a2600000, 0x0000000100000000)
  region size 1024K, 146 young (149504K), 20 survivors (20480K)
 Metaspace       used 84040K, committed 84736K, reserved 1179648K
  class space    used 11337K, committed 11712K, reserved 1048576K
}
Event: 15.149 GC heap after
{Heap after GC invocations=30 (full 0):
 garbage-first heap   total 303104K, used 113093K [0x00000000a2600000, 0x0000000100000000)
  region size 1024K, 10 young (10240K), 10 survivors (10240K)
 Metaspace       used 84040K, committed 84736K, reserved 1179648K
  class space    used 11337K, committed 11712K, reserved 1048576K
}
Event: 15.420 GC heap before
{Heap before GC invocations=30 (full 0):
 garbage-first heap   total 303104K, used 235973K [0x00000000a2600000, 0x0000000100000000)
  region size 1024K, 130 young (133120K), 10 survivors (10240K)
 Metaspace       used 84290K, committed 84992K, reserved 1179648K
  class space    used 11357K, committed 11712K, reserved 1048576K
}
Event: 15.428 GC heap after
{Heap after GC invocations=31 (full 0):
 garbage-first heap   total 303104K, used 112008K [0x00000000a2600000, 0x0000000100000000)
  region size 1024K, 3 young (3072K), 3 survivors (3072K)
 Metaspace       used 84290K, committed 84992K, reserved 1179648K
  class space    used 11357K, committed 11712K, reserved 1048576K
}
Event: 16.612 GC heap before
{Heap before GC invocations=31 (full 0):
 garbage-first heap   total 303104K, used 240008K [0x00000000a2600000, 0x0000000100000000)
  region size 1024K, 128 young (131072K), 3 survivors (3072K)
 Metaspace       used 88627K, committed 89344K, reserved 1179648K
  class space    used 11850K, committed 12224K, reserved 1048576K
}
Event: 16.620 GC heap after
{Heap after GC invocations=32 (full 0):
 garbage-first heap   total 303104K, used 117328K [0x00000000a2600000, 0x0000000100000000)
  region size 1024K, 9 young (9216K), 9 survivors (9216K)
 Metaspace       used 88627K, committed 89344K, reserved 1179648K
  class space    used 11850K, committed 12224K, reserved 1048576K
}

