# JRE version: Java(TM) SE Runtime Environment (17.0.12+8) (build 17.0.12+8-LTS-286)
# Java VM: Java HotSpot(TM) 64-Bit Server VM (17.0.12+8-LTS-286, mixed mode, sharing, tiered, compressed oops, compressed class ptrs, g1 gc, windows-amd64)
GC Precious Log:
 CPUs: 12 total, 12 available
 Memory: 5989M
 Large Page Support: Disabled
 NUMA Support: Disabled
 Compressed Oops: Enabled (32-bit)
 Heap Region Size: 1M
 Heap Min Capacity: 8M
 Heap Initial Capacity: 94M
 Heap Max Capacity: 1498M
 Pre-touch: Disabled
 Parallel Workers: 10
 Concurrent Workers: 3
 Concurrent Refinement Workers: 10
 Periodic GC: Disabled
Heap:
 garbage-first heap   total 270336K, used 213819K [0x00000000a2600000, 0x0000000100000000)
  region size 1024K, 136 young (139264K), 8 survivors (8192K)
 Metaspace       used 102026K, committed 102976K, reserved 1179648K
  class space    used 13301K, committed 13760K, reserved 1048576K
GC Heap History (20 events):
Event: 16.567 GC heap before
{Heap before GC invocations=26 (full 0):
 garbage-first heap   total 124928K, used 100764K [0x00000000a2600000, 0x0000000100000000)
  region size 1024K, 49 young (50176K), 2 survivors (2048K)
 Metaspace       used 81493K, committed 82048K, reserved 1179648K
  class space    used 11060K, committed 11328K, reserved 1048576K
}
Event: 16.572 GC heap after
{Heap after GC invocations=27 (full 0):
 garbage-first heap   total 124928K, used 55363K [0x00000000a2600000, 0x0000000100000000)
  region size 1024K, 5 young (5120K), 5 survivors (5120K)
 Metaspace       used 81493K, committed 82048K, reserved 1179648K
  class space    used 11060K, committed 11328K, reserved 1048576K
}
Event: 16.717 GC heap before
{Heap before GC invocations=27 (full 0):
 garbage-first heap   total 124928K, used 100419K [0x00000000a2600000, 0x0000000100000000)
  region size 1024K, 49 young (50176K), 5 survivors (5120K)
 Metaspace       used 81495K, committed 82112K, reserved 1179648K
  class space    used 11060K, committed 11328K, reserved 1048576K
}
Event: 16.727 GC heap after
{Heap after GC invocations=28 (full 0):
 garbage-first heap   total 124928K, used 61176K [0x00000000a2600000, 0x0000000100000000)
  region size 1024K, 7 young (7168K), 7 survivors (7168K)
 Metaspace       used 81495K, committed 82112K, reserved 1179648K
  class space    used 11060K, committed 11328K, reserved 1048576K
}
Event: 16.933 GC heap before
{Heap before GC invocations=28 (full 0):
 garbage-first heap   total 124928K, used 97016K [0x00000000a2600000, 0x0000000100000000)
  region size 1024K, 42 young (43008K), 7 survivors (7168K)
 Metaspace       used 81711K, committed 82368K, reserved 1179648K
  class space    used 11078K, committed 11392K, reserved 1048576K
}
Event: 16.947 GC heap after
{Heap after GC invocations=29 (full 0):
 garbage-first heap   total 124928K, used 68695K [0x00000000a2600000, 0x0000000100000000)
  region size 1024K, 6 young (6144K), 6 survivors (6144K)
 Metaspace       used 81711K, committed 82368K, reserved 1179648K
  class space    used 11078K, committed 11392K, reserved 1048576K
}
Event: 17.079 GC heap before
{Heap before GC invocations=29 (full 0):
 garbage-first heap   total 124928K, used 96343K [0x00000000a2600000, 0x0000000100000000)
  region size 1024K, 33 young (33792K), 6 survivors (6144K)
 Metaspace       used 81929K, committed 82560K, reserved 1179648K
  class space    used 11097K, committed 11392K, reserved 1048576K
}
Event: 17.088 GC heap after
{Heap after GC invocations=30 (full 0):
 garbage-first heap   total 273408K, used 70862K [0x00000000a2600000, 0x0000000100000000)
  region size 1024K, 2 young (2048K), 2 survivors (2048K)
 Metaspace       used 81929K, committed 82560K, reserved 1179648K
  class space    used 11097K, committed 11392K, reserved 1048576K
}
Event: 17.618 GC heap before
{Heap before GC invocations=31 (full 0):
 garbage-first heap   total 270336K, used 197838K [0x00000000a2600000, 0x0000000100000000)
  region size 1024K, 126 young (129024K), 2 survivors (2048K)
 Metaspace       used 82849K, committed 83456K, reserved 1179648K
  class space    used 11182K, committed 11456K, reserved 1048576K
}
Event: 17.625 GC heap after
{Heap after GC invocations=32 (full 0):
 garbage-first heap   total 270336K, used 73458K [0x00000000a2600000, 0x0000000100000000)
  region size 1024K, 4 young (4096K), 4 survivors (4096K)
 Metaspace       used 82849K, committed 83456K, reserved 1179648K
  class space    used 11182K, committed 11456K, reserved 1048576K
}
Event: 17.641 GC heap before
{Heap before GC invocations=32 (full 0):
 garbage-first heap   total 270336K, used 82674K [0x00000000a2600000, 0x0000000100000000)
  region size 1024K, 13 young (13312K), 4 survivors (4096K)
 Metaspace       used 82849K, committed 83456K, reserved 1179648K
  class space    used 11182K, committed 11456K, reserved 1048576K
}
Event: 17.645 GC heap after
{Heap after GC invocations=33 (full 0):
 garbage-first heap   total 270336K, used 72587K [0x00000000a2600000, 0x0000000100000000)
  region size 1024K, 1 young (1024K), 1 survivors (1024K)
 Metaspace       used 82849K, committed 83456K, reserved 1179648K
  class space    used 11182K, committed 11456K, reserved 1048576K
}
Event: 18.849 GC heap before
{Heap before GC invocations=33 (full 0):
 garbage-first heap   total 270336K, used 212875K [0x00000000a2600000, 0x0000000100000000)
  region size 1024K, 138 young (141312K), 1 survivors (1024K)
 Metaspace       used 86490K, committed 87104K, reserved 1179648K
  class space    used 11591K, committed 11904K, reserved 1048576K
}
Event: 18.856 GC heap after
{Heap after GC invocations=34 (full 0):
 garbage-first heap   total 270336K, used 76792K [0x00000000a2600000, 0x0000000100000000)
  region size 1024K, 5 young (5120K), 5 survivors (5120K)
 Metaspace       used 86490K, committed 87104K, reserved 1179648K
  class space    used 11591K, committed 11904K, reserved 1048576K
}
Event: 89.590 GC heap before
{Heap before GC invocations=34 (full 0):
 garbage-first heap   total 270336K, used 219128K [0x00000000a2600000, 0x0000000100000000)
  region size 1024K, 144 young (147456K), 5 survivors (5120K)
 Metaspace       used 99203K, committed 100032K, reserved 1179648K
  class space    used 13223K, committed 13632K, reserved 1048576K
}
Event: 89.709 GC heap after
{Heap after GC invocations=35 (full 0):
 garbage-first heap   total 270336K, used 83867K [0x00000000a2600000, 0x0000000100000000)
  region size 1024K, 12 young (12288K), 12 survivors (12288K)
 Metaspace       used 99203K, committed 100032K, reserved 1179648K
  class space    used 13223K, committed 13632K, reserved 1048576K
}
Event: 90.109 GC heap before
{Heap before GC invocations=35 (full 0):
 garbage-first heap   total 270336K, used 218011K [0x00000000a2600000, 0x0000000100000000)
  region size 1024K, 143 young (146432K), 12 survivors (12288K)
 Metaspace       used 99204K, committed 100032K, reserved 1179648K
  class space    used 13223K, committed 13632K, reserved 1048576K
}
Event: 90.137 GC heap after
{Heap after GC invocations=36 (full 0):
 garbage-first heap   total 270336K, used 84229K [0x00000000a2600000, 0x0000000100000000)
  region size 1024K, 8 young (8192K), 8 survivors (8192K)
 Metaspace       used 99204K, committed 100032K, reserved 1179648K
  class space    used 13223K, committed 13632K, reserved 1048576K
}
Event: 90.519 GC heap before
{Heap before GC invocations=36 (full 0):
 garbage-first heap   total 270336K, used 223493K [0x00000000a2600000, 0x0000000100000000)
  region size 1024K, 144 young (147456K), 8 survivors (8192K)
 Metaspace       used 99494K, committed 100416K, reserved 1179648K
  class space    used 13247K, committed 13696K, reserved 1048576K
}
Event: 90.527 GC heap after
{Heap after GC invocations=37 (full 0):
 garbage-first heap   total 270336K, used 83771K [0x00000000a2600000, 0x0000000100000000)
  region size 1024K, 8 young (8192K), 8 survivors (8192K)
 Metaspace       used 99494K, committed 100416K, reserved 1179648K
  class space    used 13247K, committed 13696K, reserved 1048576K
}

